The system is: Linux - 3.19.0-25-generic - i686
Compiling the C compiler identification source file "CMakeCCompilerId.c" succeeded.
Compiler: /usr/bin/cc 
Build flags: 
Id flags: 

The output was:
0


Compilation of the C compiler identification source "CMakeCCompilerId.c" produced "a.out"

The C compiler identification is GNU, found in "/home/mkn/_libssh/libssh_build/CMakeFiles/2.8.12.2/CompilerIdC/a.out"

Determining if the C compiler works passed with the following output:
Change Dir: /home/mkn/_libssh/libssh_build/CMakeFiles/CMakeTmp

Run Build Command:/usr/bin/make "cmTryCompileExec1547763760/fast"
/usr/bin/make -f CMakeFiles/cmTryCompileExec1547763760.dir/build.make CMakeFiles/cmTryCompileExec1547763760.dir/build
make[1]: Entering directory `/home/mkn/_libssh/libssh_build/CMakeFiles/CMakeTmp'
/usr/bin/cmake -E cmake_progress_report /home/mkn/_libssh/libssh_build/CMakeFiles/CMakeTmp/CMakeFiles 1
Building C object CMakeFiles/cmTryCompileExec1547763760.dir/testCCompiler.c.o
/usr/bin/cc    -o CMakeFiles/cmTryCompileExec1547763760.dir/testCCompiler.c.o   -c /home/mkn/_libssh/libssh_build/CMakeFiles/CMakeTmp/testCCompiler.c
Linking C executable cmTryCompileExec1547763760
/usr/bin/cmake -E cmake_link_script CMakeFiles/cmTryCompileExec1547763760.dir/link.txt --verbose=1
/usr/bin/cc       CMakeFiles/cmTryCompileExec1547763760.dir/testCCompiler.c.o  -o cmTryCompileExec1547763760 -rdynamic 
make[1]: Leaving directory `/home/mkn/_libssh/libssh_build/CMakeFiles/CMakeTmp'


Detecting C compiler ABI info compiled with the following output:
Change Dir: /home/mkn/_libssh/libssh_build/CMakeFiles/CMakeTmp

Run Build Command:/usr/bin/make "cmTryCompileExec1839632138/fast"
/usr/bin/make -f CMakeFiles/cmTryCompileExec1839632138.dir/build.make CMakeFiles/cmTryCompileExec1839632138.dir/build
make[1]: Entering directory `/home/mkn/_libssh/libssh_build/CMakeFiles/CMakeTmp'
/usr/bin/cmake -E cmake_progress_report /home/mkn/_libssh/libssh_build/CMakeFiles/CMakeTmp/CMakeFiles 1
Building C object CMakeFiles/cmTryCompileExec1839632138.dir/CMakeCCompilerABI.c.o
/usr/bin/cc    -o CMakeFiles/cmTryCompileExec1839632138.dir/CMakeCCompilerABI.c.o   -c /usr/share/cmake-2.8/Modules/CMakeCCompilerABI.c
Linking C executable cmTryCompileExec1839632138
/usr/bin/cmake -E cmake_link_script CMakeFiles/cmTryCompileExec1839632138.dir/link.txt --verbose=1
/usr/bin/cc     -v CMakeFiles/cmTryCompileExec1839632138.dir/CMakeCCompilerABI.c.o  -o cmTryCompileExec1839632138 -rdynamic  
Using built-in specs.
COLLECT_GCC=/usr/bin/cc
COLLECT_LTO_WRAPPER=/usr/lib/gcc/i686-linux-gnu/4.8/lto-wrapper
Target: i686-linux-gnu
Configured with: ../src/configure -v --with-pkgversion='Ubuntu 4.8.4-2ubuntu1~14.04' --with-bugurl=file:///usr/share/doc/gcc-4.8/README.Bugs --enable-languages=c,c++,java,go,d,fortran,objc,obj-c++ --prefix=/usr --program-suffix=-4.8 --enable-shared --enable-linker-build-id --libexecdir=/usr/lib --without-included-gettext --enable-threads=posix --with-gxx-include-dir=/usr/include/c++/4.8 --libdir=/usr/lib --enable-nls --with-sysroot=/ --enable-clocale=gnu --enable-libstdcxx-debug --enable-libstdcxx-time=yes --enable-gnu-unique-object --disable-libmudflap --enable-plugin --with-system-zlib --disable-browser-plugin --enable-java-awt=gtk --enable-gtk-cairo --with-java-home=/usr/lib/jvm/java-1.5.0-gcj-4.8-i386/jre --enable-java-home --with-jvm-root-dir=/usr/lib/jvm/java-1.5.0-gcj-4.8-i386 --with-jvm-jar-dir=/usr/lib/jvm-exports/java-1.5.0-gcj-4.8-i386 --with-arch-directory=i386 --with-ecj-jar=/usr/share/java/eclipse-ecj.jar --enable-objc-gc --enable-targets=all --enable-multiarch --disable-werror --with-arch-32=i686 --with-multilib-list=m32,m64,mx32 --with-tune=generic --enable-checking=release --build=i686-linux-gnu --host=i686-linux-gnu --target=i686-linux-gnu
Thread model: posix
gcc version 4.8.4 (Ubuntu 4.8.4-2ubuntu1~14.04) 
COMPILER_PATH=/usr/lib/gcc/i686-linux-gnu/4.8/:/usr/lib/gcc/i686-linux-gnu/4.8/:/usr/lib/gcc/i686-linux-gnu/:/usr/lib/gcc/i686-linux-gnu/4.8/:/usr/lib/gcc/i686-linux-gnu/
LIBRARY_PATH=/usr/lib/gcc/i686-linux-gnu/4.8/:/usr/lib/gcc/i686-linux-gnu/4.8/../../../i386-linux-gnu/:/usr/lib/gcc/i686-linux-gnu/4.8/../../../../lib/:/lib/i386-linux-gnu/:/lib/../lib/:/usr/lib/i386-linux-gnu/:/usr/lib/../lib/:/usr/lib/gcc/i686-linux-gnu/4.8/../../../:/lib/:/usr/lib/
COLLECT_GCC_OPTIONS='-v' '-o' 'cmTryCompileExec1839632138' '-rdynamic' '-mtune=generic' '-march=i686'
 /usr/lib/gcc/i686-linux-gnu/4.8/collect2 --sysroot=/ --build-id --eh-frame-hdr -m elf_i386 --hash-style=gnu --as-needed -export-dynamic -dynamic-linker /lib/ld-linux.so.2 -z relro -o cmTryCompileExec1839632138 /usr/lib/gcc/i686-linux-gnu/4.8/../../../i386-linux-gnu/crt1.o /usr/lib/gcc/i686-linux-gnu/4.8/../../../i386-linux-gnu/crti.o /usr/lib/gcc/i686-linux-gnu/4.8/crtbegin.o -L/usr/lib/gcc/i686-linux-gnu/4.8 -L/usr/lib/gcc/i686-linux-gnu/4.8/../../../i386-linux-gnu -L/usr/lib/gcc/i686-linux-gnu/4.8/../../../../lib -L/lib/i386-linux-gnu -L/lib/../lib -L/usr/lib/i386-linux-gnu -L/usr/lib/../lib -L/usr/lib/gcc/i686-linux-gnu/4.8/../../.. CMakeFiles/cmTryCompileExec1839632138.dir/CMakeCCompilerABI.c.o -lgcc --as-needed -lgcc_s --no-as-needed -lc -lgcc --as-needed -lgcc_s --no-as-needed /usr/lib/gcc/i686-linux-gnu/4.8/crtend.o /usr/lib/gcc/i686-linux-gnu/4.8/../../../i386-linux-gnu/crtn.o
make[1]: Leaving directory `/home/mkn/_libssh/libssh_build/CMakeFiles/CMakeTmp'


Parsed C implicit link information from above output:
  link line regex: [^( *|.*[/\])(ld|([^/\]+-)?ld|collect2)[^/\]*( |$)]
  ignore line: [Change Dir: /home/mkn/_libssh/libssh_build/CMakeFiles/CMakeTmp]
  ignore line: []
  ignore line: [Run Build Command:/usr/bin/make "cmTryCompileExec1839632138/fast"]
  ignore line: [/usr/bin/make -f CMakeFiles/cmTryCompileExec1839632138.dir/build.make CMakeFiles/cmTryCompileExec1839632138.dir/build]
  ignore line: [make[1]: Entering directory `/home/mkn/_libssh/libssh_build/CMakeFiles/CMakeTmp']
  ignore line: [/usr/bin/cmake -E cmake_progress_report /home/mkn/_libssh/libssh_build/CMakeFiles/CMakeTmp/CMakeFiles 1]
  ignore line: [Building C object CMakeFiles/cmTryCompileExec1839632138.dir/CMakeCCompilerABI.c.o]
  ignore line: [/usr/bin/cc    -o CMakeFiles/cmTryCompileExec1839632138.dir/CMakeCCompilerABI.c.o   -c /usr/share/cmake-2.8/Modules/CMakeCCompilerABI.c]
  ignore line: [Linking C executable cmTryCompileExec1839632138]
  ignore line: [/usr/bin/cmake -E cmake_link_script CMakeFiles/cmTryCompileExec1839632138.dir/link.txt --verbose=1]
  ignore line: [/usr/bin/cc     -v CMakeFiles/cmTryCompileExec1839632138.dir/CMakeCCompilerABI.c.o  -o cmTryCompileExec1839632138 -rdynamic  ]
  ignore line: [Using built-in specs.]
  ignore line: [COLLECT_GCC=/usr/bin/cc]
  ignore line: [COLLECT_LTO_WRAPPER=/usr/lib/gcc/i686-linux-gnu/4.8/lto-wrapper]
  ignore line: [Target: i686-linux-gnu]
  ignore line: [Configured with: ../src/configure -v --with-pkgversion='Ubuntu 4.8.4-2ubuntu1~14.04' --with-bugurl=file:///usr/share/doc/gcc-4.8/README.Bugs --enable-languages=c,c++,java,go,d,fortran,objc,obj-c++ --prefix=/usr --program-suffix=-4.8 --enable-shared --enable-linker-build-id --libexecdir=/usr/lib --without-included-gettext --enable-threads=posix --with-gxx-include-dir=/usr/include/c++/4.8 --libdir=/usr/lib --enable-nls --with-sysroot=/ --enable-clocale=gnu --enable-libstdcxx-debug --enable-libstdcxx-time=yes --enable-gnu-unique-object --disable-libmudflap --enable-plugin --with-system-zlib --disable-browser-plugin --enable-java-awt=gtk --enable-gtk-cairo --with-java-home=/usr/lib/jvm/java-1.5.0-gcj-4.8-i386/jre --enable-java-home --with-jvm-root-dir=/usr/lib/jvm/java-1.5.0-gcj-4.8-i386 --with-jvm-jar-dir=/usr/lib/jvm-exports/java-1.5.0-gcj-4.8-i386 --with-arch-directory=i386 --with-ecj-jar=/usr/share/java/eclipse-ecj.jar --enable-objc-gc --enable-targets=all --enable-multiarch --disable-werror --with-arch-32=i686 --with-multilib-list=m32,m64,mx32 --with-tune=generic --enable-checking=release --build=i686-linux-gnu --host=i686-linux-gnu --target=i686-linux-gnu]
  ignore line: [Thread model: posix]
  ignore line: [gcc version 4.8.4 (Ubuntu 4.8.4-2ubuntu1~14.04) ]
  ignore line: [COMPILER_PATH=/usr/lib/gcc/i686-linux-gnu/4.8/:/usr/lib/gcc/i686-linux-gnu/4.8/:/usr/lib/gcc/i686-linux-gnu/:/usr/lib/gcc/i686-linux-gnu/4.8/:/usr/lib/gcc/i686-linux-gnu/]
  ignore line: [LIBRARY_PATH=/usr/lib/gcc/i686-linux-gnu/4.8/:/usr/lib/gcc/i686-linux-gnu/4.8/../../../i386-linux-gnu/:/usr/lib/gcc/i686-linux-gnu/4.8/../../../../lib/:/lib/i386-linux-gnu/:/lib/../lib/:/usr/lib/i386-linux-gnu/:/usr/lib/../lib/:/usr/lib/gcc/i686-linux-gnu/4.8/../../../:/lib/:/usr/lib/]
  ignore line: [COLLECT_GCC_OPTIONS='-v' '-o' 'cmTryCompileExec1839632138' '-rdynamic' '-mtune=generic' '-march=i686']
  link line: [ /usr/lib/gcc/i686-linux-gnu/4.8/collect2 --sysroot=/ --build-id --eh-frame-hdr -m elf_i386 --hash-style=gnu --as-needed -export-dynamic -dynamic-linker /lib/ld-linux.so.2 -z relro -o cmTryCompileExec1839632138 /usr/lib/gcc/i686-linux-gnu/4.8/../../../i386-linux-gnu/crt1.o /usr/lib/gcc/i686-linux-gnu/4.8/../../../i386-linux-gnu/crti.o /usr/lib/gcc/i686-linux-gnu/4.8/crtbegin.o -L/usr/lib/gcc/i686-linux-gnu/4.8 -L/usr/lib/gcc/i686-linux-gnu/4.8/../../../i386-linux-gnu -L/usr/lib/gcc/i686-linux-gnu/4.8/../../../../lib -L/lib/i386-linux-gnu -L/lib/../lib -L/usr/lib/i386-linux-gnu -L/usr/lib/../lib -L/usr/lib/gcc/i686-linux-gnu/4.8/../../.. CMakeFiles/cmTryCompileExec1839632138.dir/CMakeCCompilerABI.c.o -lgcc --as-needed -lgcc_s --no-as-needed -lc -lgcc --as-needed -lgcc_s --no-as-needed /usr/lib/gcc/i686-linux-gnu/4.8/crtend.o /usr/lib/gcc/i686-linux-gnu/4.8/../../../i386-linux-gnu/crtn.o]
    arg [/usr/lib/gcc/i686-linux-gnu/4.8/collect2] ==> ignore
    arg [--sysroot=/] ==> ignore
    arg [--build-id] ==> ignore
    arg [--eh-frame-hdr] ==> ignore
    arg [-m] ==> ignore
    arg [elf_i386] ==> ignore
    arg [--hash-style=gnu] ==> ignore
    arg [--as-needed] ==> ignore
    arg [-export-dynamic] ==> ignore
    arg [-dynamic-linker] ==> ignore
    arg [/lib/ld-linux.so.2] ==> ignore
    arg [-zrelro] ==> ignore
    arg [-o] ==> ignore
    arg [cmTryCompileExec1839632138] ==> ignore
    arg [/usr/lib/gcc/i686-linux-gnu/4.8/../../../i386-linux-gnu/crt1.o] ==> ignore
    arg [/usr/lib/gcc/i686-linux-gnu/4.8/../../../i386-linux-gnu/crti.o] ==> ignore
    arg [/usr/lib/gcc/i686-linux-gnu/4.8/crtbegin.o] ==> ignore
    arg [-L/usr/lib/gcc/i686-linux-gnu/4.8] ==> dir [/usr/lib/gcc/i686-linux-gnu/4.8]
    arg [-L/usr/lib/gcc/i686-linux-gnu/4.8/../../../i386-linux-gnu] ==> dir [/usr/lib/gcc/i686-linux-gnu/4.8/../../../i386-linux-gnu]
    arg [-L/usr/lib/gcc/i686-linux-gnu/4.8/../../../../lib] ==> dir [/usr/lib/gcc/i686-linux-gnu/4.8/../../../../lib]
    arg [-L/lib/i386-linux-gnu] ==> dir [/lib/i386-linux-gnu]
    arg [-L/lib/../lib] ==> dir [/lib/../lib]
    arg [-L/usr/lib/i386-linux-gnu] ==> dir [/usr/lib/i386-linux-gnu]
    arg [-L/usr/lib/../lib] ==> dir [/usr/lib/../lib]
    arg [-L/usr/lib/gcc/i686-linux-gnu/4.8/../../..] ==> dir [/usr/lib/gcc/i686-linux-gnu/4.8/../../..]
    arg [CMakeFiles/cmTryCompileExec1839632138.dir/CMakeCCompilerABI.c.o] ==> ignore
    arg [-lgcc] ==> lib [gcc]
    arg [--as-needed] ==> ignore
    arg [-lgcc_s] ==> lib [gcc_s]
    arg [--no-as-needed] ==> ignore
    arg [-lc] ==> lib [c]
    arg [-lgcc] ==> lib [gcc]
    arg [--as-needed] ==> ignore
    arg [-lgcc_s] ==> lib [gcc_s]
    arg [--no-as-needed] ==> ignore
    arg [/usr/lib/gcc/i686-linux-gnu/4.8/crtend.o] ==> ignore
    arg [/usr/lib/gcc/i686-linux-gnu/4.8/../../../i386-linux-gnu/crtn.o] ==> ignore
  remove lib [gcc]
  remove lib [gcc_s]
  remove lib [gcc]
  remove lib [gcc_s]
  collapse library dir [/usr/lib/gcc/i686-linux-gnu/4.8] ==> [/usr/lib/gcc/i686-linux-gnu/4.8]
  collapse library dir [/usr/lib/gcc/i686-linux-gnu/4.8/../../../i386-linux-gnu] ==> [/usr/lib/i386-linux-gnu]
  collapse library dir [/usr/lib/gcc/i686-linux-gnu/4.8/../../../../lib] ==> [/usr/lib]
  collapse library dir [/lib/i386-linux-gnu] ==> [/lib/i386-linux-gnu]
  collapse library dir [/lib/../lib] ==> [/lib]
  collapse library dir [/usr/lib/i386-linux-gnu] ==> [/usr/lib/i386-linux-gnu]
  collapse library dir [/usr/lib/../lib] ==> [/usr/lib]
  collapse library dir [/usr/lib/gcc/i686-linux-gnu/4.8/../../..] ==> [/usr/lib]
  implicit libs: [c]
  implicit dirs: [/usr/lib/gcc/i686-linux-gnu/4.8;/usr/lib/i386-linux-gnu;/usr/lib;/lib/i386-linux-gnu;/lib]
  implicit fwks: []


Performing C SOURCE FILE Test WITH_FPIC succeded with the following output:
Change Dir: /home/mkn/_libssh/libssh_build/CMakeFiles/CMakeTmp

Run Build Command:/usr/bin/make "cmTryCompileExec913214047/fast"
/usr/bin/make -f CMakeFiles/cmTryCompileExec913214047.dir/build.make CMakeFiles/cmTryCompileExec913214047.dir/build
make[1]: Entering directory `/home/mkn/_libssh/libssh_build/CMakeFiles/CMakeTmp'
/usr/bin/cmake -E cmake_progress_report /home/mkn/_libssh/libssh_build/CMakeFiles/CMakeTmp/CMakeFiles 1
Building C object CMakeFiles/cmTryCompileExec913214047.dir/src.c.o
/usr/bin/cc   -std=gnu99 -pedantic -pedantic-errors -Wall -Wextra -Wshadow -Wmissing-prototypes -Wdeclaration-after-statement -Wunused -Wfloat-equal -Wpointer-arith -Wwrite-strings -Wformat-security -Wmissing-format-attribute -DWITH_FPIC   -fPIC -o CMakeFiles/cmTryCompileExec913214047.dir/src.c.o   -c /home/mkn/_libssh/libssh_build/CMakeFiles/CMakeTmp/src.c
Linking C executable cmTryCompileExec913214047
/usr/bin/cmake -E cmake_link_script CMakeFiles/cmTryCompileExec913214047.dir/link.txt --verbose=1
/usr/bin/cc   -std=gnu99 -pedantic -pedantic-errors -Wall -Wextra -Wshadow -Wmissing-prototypes -Wdeclaration-after-statement -Wunused -Wfloat-equal -Wpointer-arith -Wwrite-strings -Wformat-security -Wmissing-format-attribute -DWITH_FPIC    CMakeFiles/cmTryCompileExec913214047.dir/src.c.o  -o cmTryCompileExec913214047 -rdynamic 
make[1]: Leaving directory `/home/mkn/_libssh/libssh_build/CMakeFiles/CMakeTmp'

Source file was:
int main(void) { return 0; }
Performing C SOURCE FILE Test WITH_STACK_PROTECTOR succeded with the following output:
Change Dir: /home/mkn/_libssh/libssh_build/CMakeFiles/CMakeTmp

Run Build Command:/usr/bin/make "cmTryCompileExec966582407/fast"
/usr/bin/make -f CMakeFiles/cmTryCompileExec966582407.dir/build.make CMakeFiles/cmTryCompileExec966582407.dir/build
make[1]: Entering directory `/home/mkn/_libssh/libssh_build/CMakeFiles/CMakeTmp'
/usr/bin/cmake -E cmake_progress_report /home/mkn/_libssh/libssh_build/CMakeFiles/CMakeTmp/CMakeFiles 1
Building C object CMakeFiles/cmTryCompileExec966582407.dir/src.c.o
/usr/bin/cc   -std=gnu99 -pedantic -pedantic-errors -Wall -Wextra -Wshadow -Wmissing-prototypes -Wdeclaration-after-statement -Wunused -Wfloat-equal -Wpointer-arith -Wwrite-strings -Wformat-security -Wmissing-format-attribute -fPIC -DWITH_STACK_PROTECTOR   -fstack-protector -o CMakeFiles/cmTryCompileExec966582407.dir/src.c.o   -c /home/mkn/_libssh/libssh_build/CMakeFiles/CMakeTmp/src.c
/home/mkn/_libssh/libssh_build/CMakeFiles/CMakeTmp/src.c: In function ‘main’:
/home/mkn/_libssh/libssh_build/CMakeFiles/CMakeTmp/src.c:1:27: warning: unused parameter ‘argv’ [-Wunused-parameter]
 int main(int argc, char **argv) { char buffer[256]; return buffer[argc]=0;}
                           ^
Linking C executable cmTryCompileExec966582407
/usr/bin/cmake -E cmake_link_script CMakeFiles/cmTryCompileExec966582407.dir/link.txt --verbose=1
/usr/bin/cc   -std=gnu99 -pedantic -pedantic-errors -Wall -Wextra -Wshadow -Wmissing-prototypes -Wdeclaration-after-statement -Wunused -Wfloat-equal -Wpointer-arith -Wwrite-strings -Wformat-security -Wmissing-format-attribute -fPIC -DWITH_STACK_PROTECTOR    CMakeFiles/cmTryCompileExec966582407.dir/src.c.o  -o cmTryCompileExec966582407 -rdynamic 
make[1]: Leaving directory `/home/mkn/_libssh/libssh_build/CMakeFiles/CMakeTmp'

Source file was:
int main(int argc, char **argv) { char buffer[256]; return buffer[argc]=0;}
Determining if files pthread.h exist passed with the following output:
Change Dir: /home/mkn/_libssh/libssh_build/CMakeFiles/CMakeTmp

Run Build Command:/usr/bin/make "cmTryCompileExec43418385/fast"
/usr/bin/make -f CMakeFiles/cmTryCompileExec43418385.dir/build.make CMakeFiles/cmTryCompileExec43418385.dir/build
make[1]: Entering directory `/home/mkn/_libssh/libssh_build/CMakeFiles/CMakeTmp'
/usr/bin/cmake -E cmake_progress_report /home/mkn/_libssh/libssh_build/CMakeFiles/CMakeTmp/CMakeFiles 1
Building C object CMakeFiles/cmTryCompileExec43418385.dir/CheckIncludeFiles.c.o
/usr/bin/cc   -std=gnu99 -pedantic -pedantic-errors -Wall -Wextra -Wshadow -Wmissing-prototypes -Wdeclaration-after-statement -Wunused -Wfloat-equal -Wpointer-arith -Wwrite-strings -Wformat-security -Wmissing-format-attribute -fPIC -fstack-protector -D_LARGEFILE_SOURCE -D_FILE_OFFSET_BITS=64    -o CMakeFiles/cmTryCompileExec43418385.dir/CheckIncludeFiles.c.o   -c /home/mkn/_libssh/libssh_build/CMakeFiles/CMakeTmp/CheckIncludeFiles.c
Linking C executable cmTryCompileExec43418385
/usr/bin/cmake -E cmake_link_script CMakeFiles/cmTryCompileExec43418385.dir/link.txt --verbose=1
/usr/bin/cc   -std=gnu99 -pedantic -pedantic-errors -Wall -Wextra -Wshadow -Wmissing-prototypes -Wdeclaration-after-statement -Wunused -Wfloat-equal -Wpointer-arith -Wwrite-strings -Wformat-security -Wmissing-format-attribute -fPIC -fstack-protector -D_LARGEFILE_SOURCE -D_FILE_OFFSET_BITS=64     CMakeFiles/cmTryCompileExec43418385.dir/CheckIncludeFiles.c.o  -o cmTryCompileExec43418385 -rdynamic 
make[1]: Leaving directory `/home/mkn/_libssh/libssh_build/CMakeFiles/CMakeTmp'


Determining if the function pthread_create exists in the pthread passed with the following output:
Change Dir: /home/mkn/_libssh/libssh_build/CMakeFiles/CMakeTmp

Run Build Command:/usr/bin/make "cmTryCompileExec3574231424/fast"
/usr/bin/make -f CMakeFiles/cmTryCompileExec3574231424.dir/build.make CMakeFiles/cmTryCompileExec3574231424.dir/build
make[1]: Entering directory `/home/mkn/_libssh/libssh_build/CMakeFiles/CMakeTmp'
/usr/bin/cmake -E cmake_progress_report /home/mkn/_libssh/libssh_build/CMakeFiles/CMakeTmp/CMakeFiles 1
Building C object CMakeFiles/cmTryCompileExec3574231424.dir/CheckFunctionExists.c.o
/usr/bin/cc   -std=gnu99 -pedantic -pedantic-errors -Wall -Wextra -Wshadow -Wmissing-prototypes -Wdeclaration-after-statement -Wunused -Wfloat-equal -Wpointer-arith -Wwrite-strings -Wformat-security -Wmissing-format-attribute -fPIC -fstack-protector -D_LARGEFILE_SOURCE -D_FILE_OFFSET_BITS=64 -DCHECK_FUNCTION_EXISTS=pthread_create   -o CMakeFiles/cmTryCompileExec3574231424.dir/CheckFunctionExists.c.o   -c /usr/share/cmake-2.8/Modules/CheckFunctionExists.c
Linking C executable cmTryCompileExec3574231424
/usr/bin/cmake -E cmake_link_script CMakeFiles/cmTryCompileExec3574231424.dir/link.txt --verbose=1
/usr/bin/cc   -std=gnu99 -pedantic -pedantic-errors -Wall -Wextra -Wshadow -Wmissing-prototypes -Wdeclaration-after-statement -Wunused -Wfloat-equal -Wpointer-arith -Wwrite-strings -Wformat-security -Wmissing-format-attribute -fPIC -fstack-protector -D_LARGEFILE_SOURCE -D_FILE_OFFSET_BITS=64 -DCHECK_FUNCTION_EXISTS=pthread_create    CMakeFiles/cmTryCompileExec3574231424.dir/CheckFunctionExists.c.o  -o cmTryCompileExec3574231424 -rdynamic -lpthread 
make[1]: Leaving directory `/home/mkn/_libssh/libssh_build/CMakeFiles/CMakeTmp'


Performing C SOURCE FILE Test WITH_VISIBILITY_HIDDEN succeded with the following output:
Change Dir: /home/mkn/_libssh/libssh_build/CMakeFiles/CMakeTmp

Run Build Command:/usr/bin/make "cmTryCompileExec3688483615/fast"
/usr/bin/make -f CMakeFiles/cmTryCompileExec3688483615.dir/build.make CMakeFiles/cmTryCompileExec3688483615.dir/build
make[1]: Entering directory `/home/mkn/_libssh/libssh_build/CMakeFiles/CMakeTmp'
/usr/bin/cmake -E cmake_progress_report /home/mkn/_libssh/libssh_build/CMakeFiles/CMakeTmp/CMakeFiles 1
Building C object CMakeFiles/cmTryCompileExec3688483615.dir/src.c.o
/usr/bin/cc   -std=gnu99 -pedantic -pedantic-errors -Wall -Wextra -Wshadow -Wmissing-prototypes -Wdeclaration-after-statement -Wunused -Wfloat-equal -Wpointer-arith -Wwrite-strings -Wformat-security -Wmissing-format-attribute -fPIC -fstack-protector -D_LARGEFILE_SOURCE -D_FILE_OFFSET_BITS=64 -DWITH_VISIBILITY_HIDDEN -fvisibility=hidden   -o CMakeFiles/cmTryCompileExec3688483615.dir/src.c.o   -c /home/mkn/_libssh/libssh_build/CMakeFiles/CMakeTmp/src.c
/home/mkn/_libssh/libssh_build/CMakeFiles/CMakeTmp/src.c:1:45: warning: no previous prototype for ‘test’ [-Wmissing-prototypes]
 void __attribute__((visibility("default"))) test() {}
                                             ^
Linking C executable cmTryCompileExec3688483615
/usr/bin/cmake -E cmake_link_script CMakeFiles/cmTryCompileExec3688483615.dir/link.txt --verbose=1
/usr/bin/cc   -std=gnu99 -pedantic -pedantic-errors -Wall -Wextra -Wshadow -Wmissing-prototypes -Wdeclaration-after-statement -Wunused -Wfloat-equal -Wpointer-arith -Wwrite-strings -Wformat-security -Wmissing-format-attribute -fPIC -fstack-protector -D_LARGEFILE_SOURCE -D_FILE_OFFSET_BITS=64 -DWITH_VISIBILITY_HIDDEN -fvisibility=hidden    CMakeFiles/cmTryCompileExec3688483615.dir/src.c.o  -o cmTryCompileExec3688483615 -rdynamic 
make[1]: Leaving directory `/home/mkn/_libssh/libssh_build/CMakeFiles/CMakeTmp'

Source file was:
void __attribute__((visibility("default"))) test() {}
int main(void){ return 0; }

Determining if the include file argp.h exists passed with the following output:
Change Dir: /home/mkn/_libssh/libssh_build/CMakeFiles/CMakeTmp

Run Build Command:/usr/bin/make "cmTryCompileExec1852080254/fast"
/usr/bin/make -f CMakeFiles/cmTryCompileExec1852080254.dir/build.make CMakeFiles/cmTryCompileExec1852080254.dir/build
make[1]: Entering directory `/home/mkn/_libssh/libssh_build/CMakeFiles/CMakeTmp'
/usr/bin/cmake -E cmake_progress_report /home/mkn/_libssh/libssh_build/CMakeFiles/CMakeTmp/CMakeFiles 1
Building C object CMakeFiles/cmTryCompileExec1852080254.dir/CheckIncludeFile.c.o
/usr/bin/cc   -std=gnu99 -pedantic -pedantic-errors -Wall -Wextra -Wshadow -Wmissing-prototypes -Wdeclaration-after-statement -Wunused -Wfloat-equal -Wpointer-arith -Wwrite-strings -Wformat-security -Wmissing-format-attribute -fPIC -fstack-protector -D_LARGEFILE_SOURCE -D_FILE_OFFSET_BITS=64    -o CMakeFiles/cmTryCompileExec1852080254.dir/CheckIncludeFile.c.o   -c /home/mkn/_libssh/libssh_build/CMakeFiles/CMakeTmp/CheckIncludeFile.c
Linking C executable cmTryCompileExec1852080254
/usr/bin/cmake -E cmake_link_script CMakeFiles/cmTryCompileExec1852080254.dir/link.txt --verbose=1
/usr/bin/cc   -std=gnu99 -pedantic -pedantic-errors -Wall -Wextra -Wshadow -Wmissing-prototypes -Wdeclaration-after-statement -Wunused -Wfloat-equal -Wpointer-arith -Wwrite-strings -Wformat-security -Wmissing-format-attribute -fPIC -fstack-protector -D_LARGEFILE_SOURCE -D_FILE_OFFSET_BITS=64     CMakeFiles/cmTryCompileExec1852080254.dir/CheckIncludeFile.c.o  -o cmTryCompileExec1852080254 -rdynamic 
make[1]: Leaving directory `/home/mkn/_libssh/libssh_build/CMakeFiles/CMakeTmp'


Determining if the include file pty.h exists passed with the following output:
Change Dir: /home/mkn/_libssh/libssh_build/CMakeFiles/CMakeTmp

Run Build Command:/usr/bin/make "cmTryCompileExec2402292652/fast"
/usr/bin/make -f CMakeFiles/cmTryCompileExec2402292652.dir/build.make CMakeFiles/cmTryCompileExec2402292652.dir/build
make[1]: Entering directory `/home/mkn/_libssh/libssh_build/CMakeFiles/CMakeTmp'
/usr/bin/cmake -E cmake_progress_report /home/mkn/_libssh/libssh_build/CMakeFiles/CMakeTmp/CMakeFiles 1
Building C object CMakeFiles/cmTryCompileExec2402292652.dir/CheckIncludeFile.c.o
/usr/bin/cc   -std=gnu99 -pedantic -pedantic-errors -Wall -Wextra -Wshadow -Wmissing-prototypes -Wdeclaration-after-statement -Wunused -Wfloat-equal -Wpointer-arith -Wwrite-strings -Wformat-security -Wmissing-format-attribute -fPIC -fstack-protector -D_LARGEFILE_SOURCE -D_FILE_OFFSET_BITS=64    -o CMakeFiles/cmTryCompileExec2402292652.dir/CheckIncludeFile.c.o   -c /home/mkn/_libssh/libssh_build/CMakeFiles/CMakeTmp/CheckIncludeFile.c
Linking C executable cmTryCompileExec2402292652
/usr/bin/cmake -E cmake_link_script CMakeFiles/cmTryCompileExec2402292652.dir/link.txt --verbose=1
/usr/bin/cc   -std=gnu99 -pedantic -pedantic-errors -Wall -Wextra -Wshadow -Wmissing-prototypes -Wdeclaration-after-statement -Wunused -Wfloat-equal -Wpointer-arith -Wwrite-strings -Wformat-security -Wmissing-format-attribute -fPIC -fstack-protector -D_LARGEFILE_SOURCE -D_FILE_OFFSET_BITS=64     CMakeFiles/cmTryCompileExec2402292652.dir/CheckIncludeFile.c.o  -o cmTryCompileExec2402292652 -rdynamic 
make[1]: Leaving directory `/home/mkn/_libssh/libssh_build/CMakeFiles/CMakeTmp'


Determining if the include file utmp.h exists passed with the following output:
Change Dir: /home/mkn/_libssh/libssh_build/CMakeFiles/CMakeTmp

Run Build Command:/usr/bin/make "cmTryCompileExec2632699773/fast"
/usr/bin/make -f CMakeFiles/cmTryCompileExec2632699773.dir/build.make CMakeFiles/cmTryCompileExec2632699773.dir/build
make[1]: Entering directory `/home/mkn/_libssh/libssh_build/CMakeFiles/CMakeTmp'
/usr/bin/cmake -E cmake_progress_report /home/mkn/_libssh/libssh_build/CMakeFiles/CMakeTmp/CMakeFiles 1
Building C object CMakeFiles/cmTryCompileExec2632699773.dir/CheckIncludeFile.c.o
/usr/bin/cc   -std=gnu99 -pedantic -pedantic-errors -Wall -Wextra -Wshadow -Wmissing-prototypes -Wdeclaration-after-statement -Wunused -Wfloat-equal -Wpointer-arith -Wwrite-strings -Wformat-security -Wmissing-format-attribute -fPIC -fstack-protector -D_LARGEFILE_SOURCE -D_FILE_OFFSET_BITS=64    -o CMakeFiles/cmTryCompileExec2632699773.dir/CheckIncludeFile.c.o   -c /home/mkn/_libssh/libssh_build/CMakeFiles/CMakeTmp/CheckIncludeFile.c
Linking C executable cmTryCompileExec2632699773
/usr/bin/cmake -E cmake_link_script CMakeFiles/cmTryCompileExec2632699773.dir/link.txt --verbose=1
/usr/bin/cc   -std=gnu99 -pedantic -pedantic-errors -Wall -Wextra -Wshadow -Wmissing-prototypes -Wdeclaration-after-statement -Wunused -Wfloat-equal -Wpointer-arith -Wwrite-strings -Wformat-security -Wmissing-format-attribute -fPIC -fstack-protector -D_LARGEFILE_SOURCE -D_FILE_OFFSET_BITS=64     CMakeFiles/cmTryCompileExec2632699773.dir/CheckIncludeFile.c.o  -o cmTryCompileExec2632699773 -rdynamic 
make[1]: Leaving directory `/home/mkn/_libssh/libssh_build/CMakeFiles/CMakeTmp'


Determining if the include file termios.h exists passed with the following output:
Change Dir: /home/mkn/_libssh/libssh_build/CMakeFiles/CMakeTmp

Run Build Command:/usr/bin/make "cmTryCompileExec2055942288/fast"
/usr/bin/make -f CMakeFiles/cmTryCompileExec2055942288.dir/build.make CMakeFiles/cmTryCompileExec2055942288.dir/build
make[1]: Entering directory `/home/mkn/_libssh/libssh_build/CMakeFiles/CMakeTmp'
/usr/bin/cmake -E cmake_progress_report /home/mkn/_libssh/libssh_build/CMakeFiles/CMakeTmp/CMakeFiles 1
Building C object CMakeFiles/cmTryCompileExec2055942288.dir/CheckIncludeFile.c.o
/usr/bin/cc   -std=gnu99 -pedantic -pedantic-errors -Wall -Wextra -Wshadow -Wmissing-prototypes -Wdeclaration-after-statement -Wunused -Wfloat-equal -Wpointer-arith -Wwrite-strings -Wformat-security -Wmissing-format-attribute -fPIC -fstack-protector -D_LARGEFILE_SOURCE -D_FILE_OFFSET_BITS=64    -o CMakeFiles/cmTryCompileExec2055942288.dir/CheckIncludeFile.c.o   -c /home/mkn/_libssh/libssh_build/CMakeFiles/CMakeTmp/CheckIncludeFile.c
Linking C executable cmTryCompileExec2055942288
/usr/bin/cmake -E cmake_link_script CMakeFiles/cmTryCompileExec2055942288.dir/link.txt --verbose=1
/usr/bin/cc   -std=gnu99 -pedantic -pedantic-errors -Wall -Wextra -Wshadow -Wmissing-prototypes -Wdeclaration-after-statement -Wunused -Wfloat-equal -Wpointer-arith -Wwrite-strings -Wformat-security -Wmissing-format-attribute -fPIC -fstack-protector -D_LARGEFILE_SOURCE -D_FILE_OFFSET_BITS=64     CMakeFiles/cmTryCompileExec2055942288.dir/CheckIncludeFile.c.o  -o cmTryCompileExec2055942288 -rdynamic 
make[1]: Leaving directory `/home/mkn/_libssh/libssh_build/CMakeFiles/CMakeTmp'


Determining if the include file unistd.h exists passed with the following output:
Change Dir: /home/mkn/_libssh/libssh_build/CMakeFiles/CMakeTmp

Run Build Command:/usr/bin/make "cmTryCompileExec1040587690/fast"
/usr/bin/make -f CMakeFiles/cmTryCompileExec1040587690.dir/build.make CMakeFiles/cmTryCompileExec1040587690.dir/build
make[1]: Entering directory `/home/mkn/_libssh/libssh_build/CMakeFiles/CMakeTmp'
/usr/bin/cmake -E cmake_progress_report /home/mkn/_libssh/libssh_build/CMakeFiles/CMakeTmp/CMakeFiles 1
Building C object CMakeFiles/cmTryCompileExec1040587690.dir/CheckIncludeFile.c.o
/usr/bin/cc   -std=gnu99 -pedantic -pedantic-errors -Wall -Wextra -Wshadow -Wmissing-prototypes -Wdeclaration-after-statement -Wunused -Wfloat-equal -Wpointer-arith -Wwrite-strings -Wformat-security -Wmissing-format-attribute -fPIC -fstack-protector -D_LARGEFILE_SOURCE -D_FILE_OFFSET_BITS=64    -o CMakeFiles/cmTryCompileExec1040587690.dir/CheckIncludeFile.c.o   -c /home/mkn/_libssh/libssh_build/CMakeFiles/CMakeTmp/CheckIncludeFile.c
Linking C executable cmTryCompileExec1040587690
/usr/bin/cmake -E cmake_link_script CMakeFiles/cmTryCompileExec1040587690.dir/link.txt --verbose=1
/usr/bin/cc   -std=gnu99 -pedantic -pedantic-errors -Wall -Wextra -Wshadow -Wmissing-prototypes -Wdeclaration-after-statement -Wunused -Wfloat-equal -Wpointer-arith -Wwrite-strings -Wformat-security -Wmissing-format-attribute -fPIC -fstack-protector -D_LARGEFILE_SOURCE -D_FILE_OFFSET_BITS=64     CMakeFiles/cmTryCompileExec1040587690.dir/CheckIncludeFile.c.o  -o cmTryCompileExec1040587690 -rdynamic 
make[1]: Leaving directory `/home/mkn/_libssh/libssh_build/CMakeFiles/CMakeTmp'


Determining if the include file sys/time.h exists passed with the following output:
Change Dir: /home/mkn/_libssh/libssh_build/CMakeFiles/CMakeTmp

Run Build Command:/usr/bin/make "cmTryCompileExec1993342748/fast"
/usr/bin/make -f CMakeFiles/cmTryCompileExec1993342748.dir/build.make CMakeFiles/cmTryCompileExec1993342748.dir/build
make[1]: Entering directory `/home/mkn/_libssh/libssh_build/CMakeFiles/CMakeTmp'
/usr/bin/cmake -E cmake_progress_report /home/mkn/_libssh/libssh_build/CMakeFiles/CMakeTmp/CMakeFiles 1
Building C object CMakeFiles/cmTryCompileExec1993342748.dir/CheckIncludeFile.c.o
/usr/bin/cc   -std=gnu99 -pedantic -pedantic-errors -Wall -Wextra -Wshadow -Wmissing-prototypes -Wdeclaration-after-statement -Wunused -Wfloat-equal -Wpointer-arith -Wwrite-strings -Wformat-security -Wmissing-format-attribute -fPIC -fstack-protector -D_LARGEFILE_SOURCE -D_FILE_OFFSET_BITS=64    -o CMakeFiles/cmTryCompileExec1993342748.dir/CheckIncludeFile.c.o   -c /home/mkn/_libssh/libssh_build/CMakeFiles/CMakeTmp/CheckIncludeFile.c
Linking C executable cmTryCompileExec1993342748
/usr/bin/cmake -E cmake_link_script CMakeFiles/cmTryCompileExec1993342748.dir/link.txt --verbose=1
/usr/bin/cc   -std=gnu99 -pedantic -pedantic-errors -Wall -Wextra -Wshadow -Wmissing-prototypes -Wdeclaration-after-statement -Wunused -Wfloat-equal -Wpointer-arith -Wwrite-strings -Wformat-security -Wmissing-format-attribute -fPIC -fstack-protector -D_LARGEFILE_SOURCE -D_FILE_OFFSET_BITS=64     CMakeFiles/cmTryCompileExec1993342748.dir/CheckIncludeFile.c.o  -o cmTryCompileExec1993342748 -rdynamic 
make[1]: Leaving directory `/home/mkn/_libssh/libssh_build/CMakeFiles/CMakeTmp'


Determining if the include file sys/param.h exists passed with the following output:
Change Dir: /home/mkn/_libssh/libssh_build/CMakeFiles/CMakeTmp

Run Build Command:/usr/bin/make "cmTryCompileExec691241981/fast"
/usr/bin/make -f CMakeFiles/cmTryCompileExec691241981.dir/build.make CMakeFiles/cmTryCompileExec691241981.dir/build
make[1]: Entering directory `/home/mkn/_libssh/libssh_build/CMakeFiles/CMakeTmp'
/usr/bin/cmake -E cmake_progress_report /home/mkn/_libssh/libssh_build/CMakeFiles/CMakeTmp/CMakeFiles 1
Building C object CMakeFiles/cmTryCompileExec691241981.dir/CheckIncludeFile.c.o
/usr/bin/cc   -std=gnu99 -pedantic -pedantic-errors -Wall -Wextra -Wshadow -Wmissing-prototypes -Wdeclaration-after-statement -Wunused -Wfloat-equal -Wpointer-arith -Wwrite-strings -Wformat-security -Wmissing-format-attribute -fPIC -fstack-protector -D_LARGEFILE_SOURCE -D_FILE_OFFSET_BITS=64    -o CMakeFiles/cmTryCompileExec691241981.dir/CheckIncludeFile.c.o   -c /home/mkn/_libssh/libssh_build/CMakeFiles/CMakeTmp/CheckIncludeFile.c
Linking C executable cmTryCompileExec691241981
/usr/bin/cmake -E cmake_link_script CMakeFiles/cmTryCompileExec691241981.dir/link.txt --verbose=1
/usr/bin/cc   -std=gnu99 -pedantic -pedantic-errors -Wall -Wextra -Wshadow -Wmissing-prototypes -Wdeclaration-after-statement -Wunused -Wfloat-equal -Wpointer-arith -Wwrite-strings -Wformat-security -Wmissing-format-attribute -fPIC -fstack-protector -D_LARGEFILE_SOURCE -D_FILE_OFFSET_BITS=64     CMakeFiles/cmTryCompileExec691241981.dir/CheckIncludeFile.c.o  -o cmTryCompileExec691241981 -rdynamic 
make[1]: Leaving directory `/home/mkn/_libssh/libssh_build/CMakeFiles/CMakeTmp'


Determining if the include file arpa/inet.h exists passed with the following output:
Change Dir: /home/mkn/_libssh/libssh_build/CMakeFiles/CMakeTmp

Run Build Command:/usr/bin/make "cmTryCompileExec384930704/fast"
/usr/bin/make -f CMakeFiles/cmTryCompileExec384930704.dir/build.make CMakeFiles/cmTryCompileExec384930704.dir/build
make[1]: Entering directory `/home/mkn/_libssh/libssh_build/CMakeFiles/CMakeTmp'
/usr/bin/cmake -E cmake_progress_report /home/mkn/_libssh/libssh_build/CMakeFiles/CMakeTmp/CMakeFiles 1
Building C object CMakeFiles/cmTryCompileExec384930704.dir/CheckIncludeFile.c.o
/usr/bin/cc   -std=gnu99 -pedantic -pedantic-errors -Wall -Wextra -Wshadow -Wmissing-prototypes -Wdeclaration-after-statement -Wunused -Wfloat-equal -Wpointer-arith -Wwrite-strings -Wformat-security -Wmissing-format-attribute -fPIC -fstack-protector -D_LARGEFILE_SOURCE -D_FILE_OFFSET_BITS=64    -o CMakeFiles/cmTryCompileExec384930704.dir/CheckIncludeFile.c.o   -c /home/mkn/_libssh/libssh_build/CMakeFiles/CMakeTmp/CheckIncludeFile.c
Linking C executable cmTryCompileExec384930704
/usr/bin/cmake -E cmake_link_script CMakeFiles/cmTryCompileExec384930704.dir/link.txt --verbose=1
/usr/bin/cc   -std=gnu99 -pedantic -pedantic-errors -Wall -Wextra -Wshadow -Wmissing-prototypes -Wdeclaration-after-statement -Wunused -Wfloat-equal -Wpointer-arith -Wwrite-strings -Wformat-security -Wmissing-format-attribute -fPIC -fstack-protector -D_LARGEFILE_SOURCE -D_FILE_OFFSET_BITS=64     CMakeFiles/cmTryCompileExec384930704.dir/CheckIncludeFile.c.o  -o cmTryCompileExec384930704 -rdynamic 
make[1]: Leaving directory `/home/mkn/_libssh/libssh_build/CMakeFiles/CMakeTmp'


Determining if the include file byteswap.h exists passed with the following output:
Change Dir: /home/mkn/_libssh/libssh_build/CMakeFiles/CMakeTmp

Run Build Command:/usr/bin/make "cmTryCompileExec3298606611/fast"
/usr/bin/make -f CMakeFiles/cmTryCompileExec3298606611.dir/build.make CMakeFiles/cmTryCompileExec3298606611.dir/build
make[1]: Entering directory `/home/mkn/_libssh/libssh_build/CMakeFiles/CMakeTmp'
/usr/bin/cmake -E cmake_progress_report /home/mkn/_libssh/libssh_build/CMakeFiles/CMakeTmp/CMakeFiles 1
Building C object CMakeFiles/cmTryCompileExec3298606611.dir/CheckIncludeFile.c.o
/usr/bin/cc   -std=gnu99 -pedantic -pedantic-errors -Wall -Wextra -Wshadow -Wmissing-prototypes -Wdeclaration-after-statement -Wunused -Wfloat-equal -Wpointer-arith -Wwrite-strings -Wformat-security -Wmissing-format-attribute -fPIC -fstack-protector -D_LARGEFILE_SOURCE -D_FILE_OFFSET_BITS=64    -o CMakeFiles/cmTryCompileExec3298606611.dir/CheckIncludeFile.c.o   -c /home/mkn/_libssh/libssh_build/CMakeFiles/CMakeTmp/CheckIncludeFile.c
Linking C executable cmTryCompileExec3298606611
/usr/bin/cmake -E cmake_link_script CMakeFiles/cmTryCompileExec3298606611.dir/link.txt --verbose=1
/usr/bin/cc   -std=gnu99 -pedantic -pedantic-errors -Wall -Wextra -Wshadow -Wmissing-prototypes -Wdeclaration-after-statement -Wunused -Wfloat-equal -Wpointer-arith -Wwrite-strings -Wformat-security -Wmissing-format-attribute -fPIC -fstack-protector -D_LARGEFILE_SOURCE -D_FILE_OFFSET_BITS=64     CMakeFiles/cmTryCompileExec3298606611.dir/CheckIncludeFile.c.o  -o cmTryCompileExec3298606611 -rdynamic 
make[1]: Leaving directory `/home/mkn/_libssh/libssh_build/CMakeFiles/CMakeTmp'


Determining if the function isblank exists passed with the following output:
Change Dir: /home/mkn/_libssh/libssh_build/CMakeFiles/CMakeTmp

Run Build Command:/usr/bin/make "cmTryCompileExec1771882007/fast"
/usr/bin/make -f CMakeFiles/cmTryCompileExec1771882007.dir/build.make CMakeFiles/cmTryCompileExec1771882007.dir/build
make[1]: Entering directory `/home/mkn/_libssh/libssh_build/CMakeFiles/CMakeTmp'
/usr/bin/cmake -E cmake_progress_report /home/mkn/_libssh/libssh_build/CMakeFiles/CMakeTmp/CMakeFiles 1
Building C object CMakeFiles/cmTryCompileExec1771882007.dir/CheckFunctionExists.c.o
/usr/bin/cc   -std=gnu99 -pedantic -pedantic-errors -Wall -Wextra -Wshadow -Wmissing-prototypes -Wdeclaration-after-statement -Wunused -Wfloat-equal -Wpointer-arith -Wwrite-strings -Wformat-security -Wmissing-format-attribute -fPIC -fstack-protector -D_LARGEFILE_SOURCE -D_FILE_OFFSET_BITS=64 -DCHECK_FUNCTION_EXISTS=isblank   -o CMakeFiles/cmTryCompileExec1771882007.dir/CheckFunctionExists.c.o   -c /usr/share/cmake-2.8/Modules/CheckFunctionExists.c
<command-line>:0:23: warning: conflicting types for built-in function ‘isblank’ [enabled by default]
/usr/share/cmake-2.8/Modules/CheckFunctionExists.c:3:6: note: in expansion of macro ‘CHECK_FUNCTION_EXISTS’
 char CHECK_FUNCTION_EXISTS();
      ^
Linking C executable cmTryCompileExec1771882007
/usr/bin/cmake -E cmake_link_script CMakeFiles/cmTryCompileExec1771882007.dir/link.txt --verbose=1
/usr/bin/cc   -std=gnu99 -pedantic -pedantic-errors -Wall -Wextra -Wshadow -Wmissing-prototypes -Wdeclaration-after-statement -Wunused -Wfloat-equal -Wpointer-arith -Wwrite-strings -Wformat-security -Wmissing-format-attribute -fPIC -fstack-protector -D_LARGEFILE_SOURCE -D_FILE_OFFSET_BITS=64 -DCHECK_FUNCTION_EXISTS=isblank    CMakeFiles/cmTryCompileExec1771882007.dir/CheckFunctionExists.c.o  -o cmTryCompileExec1771882007 -rdynamic 
make[1]: Leaving directory `/home/mkn/_libssh/libssh_build/CMakeFiles/CMakeTmp'


Determining if the function strncpy exists passed with the following output:
Change Dir: /home/mkn/_libssh/libssh_build/CMakeFiles/CMakeTmp

Run Build Command:/usr/bin/make "cmTryCompileExec603811/fast"
/usr/bin/make -f CMakeFiles/cmTryCompileExec603811.dir/build.make CMakeFiles/cmTryCompileExec603811.dir/build
make[1]: Entering directory `/home/mkn/_libssh/libssh_build/CMakeFiles/CMakeTmp'
/usr/bin/cmake -E cmake_progress_report /home/mkn/_libssh/libssh_build/CMakeFiles/CMakeTmp/CMakeFiles 1
Building C object CMakeFiles/cmTryCompileExec603811.dir/CheckFunctionExists.c.o
/usr/bin/cc   -std=gnu99 -pedantic -pedantic-errors -Wall -Wextra -Wshadow -Wmissing-prototypes -Wdeclaration-after-statement -Wunused -Wfloat-equal -Wpointer-arith -Wwrite-strings -Wformat-security -Wmissing-format-attribute -fPIC -fstack-protector -D_LARGEFILE_SOURCE -D_FILE_OFFSET_BITS=64 -DCHECK_FUNCTION_EXISTS=strncpy   -o CMakeFiles/cmTryCompileExec603811.dir/CheckFunctionExists.c.o   -c /usr/share/cmake-2.8/Modules/CheckFunctionExists.c
<command-line>:0:23: warning: conflicting types for built-in function ‘strncpy’ [enabled by default]
/usr/share/cmake-2.8/Modules/CheckFunctionExists.c:3:6: note: in expansion of macro ‘CHECK_FUNCTION_EXISTS’
 char CHECK_FUNCTION_EXISTS();
      ^
Linking C executable cmTryCompileExec603811
/usr/bin/cmake -E cmake_link_script CMakeFiles/cmTryCompileExec603811.dir/link.txt --verbose=1
/usr/bin/cc   -std=gnu99 -pedantic -pedantic-errors -Wall -Wextra -Wshadow -Wmissing-prototypes -Wdeclaration-after-statement -Wunused -Wfloat-equal -Wpointer-arith -Wwrite-strings -Wformat-security -Wmissing-format-attribute -fPIC -fstack-protector -D_LARGEFILE_SOURCE -D_FILE_OFFSET_BITS=64 -DCHECK_FUNCTION_EXISTS=strncpy    CMakeFiles/cmTryCompileExec603811.dir/CheckFunctionExists.c.o  -o cmTryCompileExec603811 -rdynamic 
make[1]: Leaving directory `/home/mkn/_libssh/libssh_build/CMakeFiles/CMakeTmp'


Determining if the function poll exists passed with the following output:
Change Dir: /home/mkn/_libssh/libssh_build/CMakeFiles/CMakeTmp

Run Build Command:/usr/bin/make "cmTryCompileExec1642223429/fast"
/usr/bin/make -f CMakeFiles/cmTryCompileExec1642223429.dir/build.make CMakeFiles/cmTryCompileExec1642223429.dir/build
make[1]: Entering directory `/home/mkn/_libssh/libssh_build/CMakeFiles/CMakeTmp'
/usr/bin/cmake -E cmake_progress_report /home/mkn/_libssh/libssh_build/CMakeFiles/CMakeTmp/CMakeFiles 1
Building C object CMakeFiles/cmTryCompileExec1642223429.dir/CheckFunctionExists.c.o
/usr/bin/cc   -std=gnu99 -pedantic -pedantic-errors -Wall -Wextra -Wshadow -Wmissing-prototypes -Wdeclaration-after-statement -Wunused -Wfloat-equal -Wpointer-arith -Wwrite-strings -Wformat-security -Wmissing-format-attribute -fPIC -fstack-protector -D_LARGEFILE_SOURCE -D_FILE_OFFSET_BITS=64 -DCHECK_FUNCTION_EXISTS=poll   -o CMakeFiles/cmTryCompileExec1642223429.dir/CheckFunctionExists.c.o   -c /usr/share/cmake-2.8/Modules/CheckFunctionExists.c
Linking C executable cmTryCompileExec1642223429
/usr/bin/cmake -E cmake_link_script CMakeFiles/cmTryCompileExec1642223429.dir/link.txt --verbose=1
/usr/bin/cc   -std=gnu99 -pedantic -pedantic-errors -Wall -Wextra -Wshadow -Wmissing-prototypes -Wdeclaration-after-statement -Wunused -Wfloat-equal -Wpointer-arith -Wwrite-strings -Wformat-security -Wmissing-format-attribute -fPIC -fstack-protector -D_LARGEFILE_SOURCE -D_FILE_OFFSET_BITS=64 -DCHECK_FUNCTION_EXISTS=poll    CMakeFiles/cmTryCompileExec1642223429.dir/CheckFunctionExists.c.o  -o cmTryCompileExec1642223429 -rdynamic 
make[1]: Leaving directory `/home/mkn/_libssh/libssh_build/CMakeFiles/CMakeTmp'


Determining if the function select exists passed with the following output:
Change Dir: /home/mkn/_libssh/libssh_build/CMakeFiles/CMakeTmp

Run Build Command:/usr/bin/make "cmTryCompileExec3159587021/fast"
/usr/bin/make -f CMakeFiles/cmTryCompileExec3159587021.dir/build.make CMakeFiles/cmTryCompileExec3159587021.dir/build
make[1]: Entering directory `/home/mkn/_libssh/libssh_build/CMakeFiles/CMakeTmp'
/usr/bin/cmake -E cmake_progress_report /home/mkn/_libssh/libssh_build/CMakeFiles/CMakeTmp/CMakeFiles 1
Building C object CMakeFiles/cmTryCompileExec3159587021.dir/CheckFunctionExists.c.o
/usr/bin/cc   -std=gnu99 -pedantic -pedantic-errors -Wall -Wextra -Wshadow -Wmissing-prototypes -Wdeclaration-after-statement -Wunused -Wfloat-equal -Wpointer-arith -Wwrite-strings -Wformat-security -Wmissing-format-attribute -fPIC -fstack-protector -D_LARGEFILE_SOURCE -D_FILE_OFFSET_BITS=64 -DCHECK_FUNCTION_EXISTS=select   -o CMakeFiles/cmTryCompileExec3159587021.dir/CheckFunctionExists.c.o   -c /usr/share/cmake-2.8/Modules/CheckFunctionExists.c
Linking C executable cmTryCompileExec3159587021
/usr/bin/cmake -E cmake_link_script CMakeFiles/cmTryCompileExec3159587021.dir/link.txt --verbose=1
/usr/bin/cc   -std=gnu99 -pedantic -pedantic-errors -Wall -Wextra -Wshadow -Wmissing-prototypes -Wdeclaration-after-statement -Wunused -Wfloat-equal -Wpointer-arith -Wwrite-strings -Wformat-security -Wmissing-format-attribute -fPIC -fstack-protector -D_LARGEFILE_SOURCE -D_FILE_OFFSET_BITS=64 -DCHECK_FUNCTION_EXISTS=select    CMakeFiles/cmTryCompileExec3159587021.dir/CheckFunctionExists.c.o  -o cmTryCompileExec3159587021 -rdynamic 
make[1]: Leaving directory `/home/mkn/_libssh/libssh_build/CMakeFiles/CMakeTmp'


Determining if the function getaddrinfo exists passed with the following output:
Change Dir: /home/mkn/_libssh/libssh_build/CMakeFiles/CMakeTmp

Run Build Command:/usr/bin/make "cmTryCompileExec1844845567/fast"
/usr/bin/make -f CMakeFiles/cmTryCompileExec1844845567.dir/build.make CMakeFiles/cmTryCompileExec1844845567.dir/build
make[1]: Entering directory `/home/mkn/_libssh/libssh_build/CMakeFiles/CMakeTmp'
/usr/bin/cmake -E cmake_progress_report /home/mkn/_libssh/libssh_build/CMakeFiles/CMakeTmp/CMakeFiles 1
Building C object CMakeFiles/cmTryCompileExec1844845567.dir/CheckFunctionExists.c.o
/usr/bin/cc   -std=gnu99 -pedantic -pedantic-errors -Wall -Wextra -Wshadow -Wmissing-prototypes -Wdeclaration-after-statement -Wunused -Wfloat-equal -Wpointer-arith -Wwrite-strings -Wformat-security -Wmissing-format-attribute -fPIC -fstack-protector -D_LARGEFILE_SOURCE -D_FILE_OFFSET_BITS=64 -DCHECK_FUNCTION_EXISTS=getaddrinfo   -o CMakeFiles/cmTryCompileExec1844845567.dir/CheckFunctionExists.c.o   -c /usr/share/cmake-2.8/Modules/CheckFunctionExists.c
Linking C executable cmTryCompileExec1844845567
/usr/bin/cmake -E cmake_link_script CMakeFiles/cmTryCompileExec1844845567.dir/link.txt --verbose=1
/usr/bin/cc   -std=gnu99 -pedantic -pedantic-errors -Wall -Wextra -Wshadow -Wmissing-prototypes -Wdeclaration-after-statement -Wunused -Wfloat-equal -Wpointer-arith -Wwrite-strings -Wformat-security -Wmissing-format-attribute -fPIC -fstack-protector -D_LARGEFILE_SOURCE -D_FILE_OFFSET_BITS=64 -DCHECK_FUNCTION_EXISTS=getaddrinfo    CMakeFiles/cmTryCompileExec1844845567.dir/CheckFunctionExists.c.o  -o cmTryCompileExec1844845567 -rdynamic 
make[1]: Leaving directory `/home/mkn/_libssh/libssh_build/CMakeFiles/CMakeTmp'


Determining if the function clock_gettime exists in the rt passed with the following output:
Change Dir: /home/mkn/_libssh/libssh_build/CMakeFiles/CMakeTmp

Run Build Command:/usr/bin/make "cmTryCompileExec2026559400/fast"
/usr/bin/make -f CMakeFiles/cmTryCompileExec2026559400.dir/build.make CMakeFiles/cmTryCompileExec2026559400.dir/build
make[1]: Entering directory `/home/mkn/_libssh/libssh_build/CMakeFiles/CMakeTmp'
/usr/bin/cmake -E cmake_progress_report /home/mkn/_libssh/libssh_build/CMakeFiles/CMakeTmp/CMakeFiles 1
Building C object CMakeFiles/cmTryCompileExec2026559400.dir/CheckFunctionExists.c.o
/usr/bin/cc   -std=gnu99 -pedantic -pedantic-errors -Wall -Wextra -Wshadow -Wmissing-prototypes -Wdeclaration-after-statement -Wunused -Wfloat-equal -Wpointer-arith -Wwrite-strings -Wformat-security -Wmissing-format-attribute -fPIC -fstack-protector -D_LARGEFILE_SOURCE -D_FILE_OFFSET_BITS=64 -DCHECK_FUNCTION_EXISTS=clock_gettime   -o CMakeFiles/cmTryCompileExec2026559400.dir/CheckFunctionExists.c.o   -c /usr/share/cmake-2.8/Modules/CheckFunctionExists.c
Linking C executable cmTryCompileExec2026559400
/usr/bin/cmake -E cmake_link_script CMakeFiles/cmTryCompileExec2026559400.dir/link.txt --verbose=1
/usr/bin/cc   -std=gnu99 -pedantic -pedantic-errors -Wall -Wextra -Wshadow -Wmissing-prototypes -Wdeclaration-after-statement -Wunused -Wfloat-equal -Wpointer-arith -Wwrite-strings -Wformat-security -Wmissing-format-attribute -fPIC -fstack-protector -D_LARGEFILE_SOURCE -D_FILE_OFFSET_BITS=64 -DCHECK_FUNCTION_EXISTS=clock_gettime    CMakeFiles/cmTryCompileExec2026559400.dir/CheckFunctionExists.c.o  -o cmTryCompileExec2026559400 -rdynamic -lrt 
make[1]: Leaving directory `/home/mkn/_libssh/libssh_build/CMakeFiles/CMakeTmp'


Determining if the function forkpty exists in the util passed with the following output:
Change Dir: /home/mkn/_libssh/libssh_build/CMakeFiles/CMakeTmp

Run Build Command:/usr/bin/make "cmTryCompileExec1662770156/fast"
/usr/bin/make -f CMakeFiles/cmTryCompileExec1662770156.dir/build.make CMakeFiles/cmTryCompileExec1662770156.dir/build
make[1]: Entering directory `/home/mkn/_libssh/libssh_build/CMakeFiles/CMakeTmp'
/usr/bin/cmake -E cmake_progress_report /home/mkn/_libssh/libssh_build/CMakeFiles/CMakeTmp/CMakeFiles 1
Building C object CMakeFiles/cmTryCompileExec1662770156.dir/CheckFunctionExists.c.o
/usr/bin/cc   -std=gnu99 -pedantic -pedantic-errors -Wall -Wextra -Wshadow -Wmissing-prototypes -Wdeclaration-after-statement -Wunused -Wfloat-equal -Wpointer-arith -Wwrite-strings -Wformat-security -Wmissing-format-attribute -fPIC -fstack-protector -D_LARGEFILE_SOURCE -D_FILE_OFFSET_BITS=64 -DCHECK_FUNCTION_EXISTS=forkpty   -o CMakeFiles/cmTryCompileExec1662770156.dir/CheckFunctionExists.c.o   -c /usr/share/cmake-2.8/Modules/CheckFunctionExists.c
Linking C executable cmTryCompileExec1662770156
/usr/bin/cmake -E cmake_link_script CMakeFiles/cmTryCompileExec1662770156.dir/link.txt --verbose=1
/usr/bin/cc   -std=gnu99 -pedantic -pedantic-errors -Wall -Wextra -Wshadow -Wmissing-prototypes -Wdeclaration-after-statement -Wunused -Wfloat-equal -Wpointer-arith -Wwrite-strings -Wformat-security -Wmissing-format-attribute -fPIC -fstack-protector -D_LARGEFILE_SOURCE -D_FILE_OFFSET_BITS=64 -DCHECK_FUNCTION_EXISTS=forkpty    CMakeFiles/cmTryCompileExec1662770156.dir/CheckFunctionExists.c.o  -o cmTryCompileExec1662770156 -rdynamic -lutil -lrt 
make[1]: Leaving directory `/home/mkn/_libssh/libssh_build/CMakeFiles/CMakeTmp'


Determining if the function cfmakeraw exists passed with the following output:
Change Dir: /home/mkn/_libssh/libssh_build/CMakeFiles/CMakeTmp

Run Build Command:/usr/bin/make "cmTryCompileExec331969119/fast"
/usr/bin/make -f CMakeFiles/cmTryCompileExec331969119.dir/build.make CMakeFiles/cmTryCompileExec331969119.dir/build
make[1]: Entering directory `/home/mkn/_libssh/libssh_build/CMakeFiles/CMakeTmp'
/usr/bin/cmake -E cmake_progress_report /home/mkn/_libssh/libssh_build/CMakeFiles/CMakeTmp/CMakeFiles 1
Building C object CMakeFiles/cmTryCompileExec331969119.dir/CheckFunctionExists.c.o
/usr/bin/cc   -std=gnu99 -pedantic -pedantic-errors -Wall -Wextra -Wshadow -Wmissing-prototypes -Wdeclaration-after-statement -Wunused -Wfloat-equal -Wpointer-arith -Wwrite-strings -Wformat-security -Wmissing-format-attribute -fPIC -fstack-protector -D_LARGEFILE_SOURCE -D_FILE_OFFSET_BITS=64 -DCHECK_FUNCTION_EXISTS=cfmakeraw   -o CMakeFiles/cmTryCompileExec331969119.dir/CheckFunctionExists.c.o   -c /usr/share/cmake-2.8/Modules/CheckFunctionExists.c
Linking C executable cmTryCompileExec331969119
/usr/bin/cmake -E cmake_link_script CMakeFiles/cmTryCompileExec331969119.dir/link.txt --verbose=1
/usr/bin/cc   -std=gnu99 -pedantic -pedantic-errors -Wall -Wextra -Wshadow -Wmissing-prototypes -Wdeclaration-after-statement -Wunused -Wfloat-equal -Wpointer-arith -Wwrite-strings -Wformat-security -Wmissing-format-attribute -fPIC -fstack-protector -D_LARGEFILE_SOURCE -D_FILE_OFFSET_BITS=64 -DCHECK_FUNCTION_EXISTS=cfmakeraw    CMakeFiles/cmTryCompileExec331969119.dir/CheckFunctionExists.c.o  -o cmTryCompileExec331969119 -rdynamic -lrt 
make[1]: Leaving directory `/home/mkn/_libssh/libssh_build/CMakeFiles/CMakeTmp'


Determining if the function strtoull exists passed with the following output:
Change Dir: /home/mkn/_libssh/libssh_build/CMakeFiles/CMakeTmp

Run Build Command:/usr/bin/make "cmTryCompileExec2355212634/fast"
/usr/bin/make -f CMakeFiles/cmTryCompileExec2355212634.dir/build.make CMakeFiles/cmTryCompileExec2355212634.dir/build
make[1]: Entering directory `/home/mkn/_libssh/libssh_build/CMakeFiles/CMakeTmp'
/usr/bin/cmake -E cmake_progress_report /home/mkn/_libssh/libssh_build/CMakeFiles/CMakeTmp/CMakeFiles 1
Building C object CMakeFiles/cmTryCompileExec2355212634.dir/CheckFunctionExists.c.o
/usr/bin/cc   -std=gnu99 -pedantic -pedantic-errors -Wall -Wextra -Wshadow -Wmissing-prototypes -Wdeclaration-after-statement -Wunused -Wfloat-equal -Wpointer-arith -Wwrite-strings -Wformat-security -Wmissing-format-attribute -fPIC -fstack-protector -D_LARGEFILE_SOURCE -D_FILE_OFFSET_BITS=64 -DCHECK_FUNCTION_EXISTS=strtoull   -o CMakeFiles/cmTryCompileExec2355212634.dir/CheckFunctionExists.c.o   -c /usr/share/cmake-2.8/Modules/CheckFunctionExists.c
Linking C executable cmTryCompileExec2355212634
/usr/bin/cmake -E cmake_link_script CMakeFiles/cmTryCompileExec2355212634.dir/link.txt --verbose=1
/usr/bin/cc   -std=gnu99 -pedantic -pedantic-errors -Wall -Wextra -Wshadow -Wmissing-prototypes -Wdeclaration-after-statement -Wunused -Wfloat-equal -Wpointer-arith -Wwrite-strings -Wformat-security -Wmissing-format-attribute -fPIC -fstack-protector -D_LARGEFILE_SOURCE -D_FILE_OFFSET_BITS=64 -DCHECK_FUNCTION_EXISTS=strtoull    CMakeFiles/cmTryCompileExec2355212634.dir/CheckFunctionExists.c.o  -o cmTryCompileExec2355212634 -rdynamic -lrt 
make[1]: Leaving directory `/home/mkn/_libssh/libssh_build/CMakeFiles/CMakeTmp'


Performing C SOURCE FILE Test HAVE_GCC_THREAD_LOCAL_STORAGE succeded with the following output:
Change Dir: /home/mkn/_libssh/libssh_build/CMakeFiles/CMakeTmp

Run Build Command:/usr/bin/make "cmTryCompileExec3960265186/fast"
/usr/bin/make -f CMakeFiles/cmTryCompileExec3960265186.dir/build.make CMakeFiles/cmTryCompileExec3960265186.dir/build
make[1]: Entering directory `/home/mkn/_libssh/libssh_build/CMakeFiles/CMakeTmp'
/usr/bin/cmake -E cmake_progress_report /home/mkn/_libssh/libssh_build/CMakeFiles/CMakeTmp/CMakeFiles 1
Building C object CMakeFiles/cmTryCompileExec3960265186.dir/src.c.o
/usr/bin/cc   -std=gnu99 -pedantic -pedantic-errors -Wall -Wextra -Wshadow -Wmissing-prototypes -Wdeclaration-after-statement -Wunused -Wfloat-equal -Wpointer-arith -Wwrite-strings -Wformat-security -Wmissing-format-attribute -fPIC -fstack-protector -D_LARGEFILE_SOURCE -D_FILE_OFFSET_BITS=64 -DHAVE_GCC_THREAD_LOCAL_STORAGE   -o CMakeFiles/cmTryCompileExec3960265186.dir/src.c.o   -c /home/mkn/_libssh/libssh_build/CMakeFiles/CMakeTmp/src.c
Linking C executable cmTryCompileExec3960265186
/usr/bin/cmake -E cmake_link_script CMakeFiles/cmTryCompileExec3960265186.dir/link.txt --verbose=1
/usr/bin/cc   -std=gnu99 -pedantic -pedantic-errors -Wall -Wextra -Wshadow -Wmissing-prototypes -Wdeclaration-after-statement -Wunused -Wfloat-equal -Wpointer-arith -Wwrite-strings -Wformat-security -Wmissing-format-attribute -fPIC -fstack-protector -D_LARGEFILE_SOURCE -D_FILE_OFFSET_BITS=64 -DHAVE_GCC_THREAD_LOCAL_STORAGE    CMakeFiles/cmTryCompileExec3960265186.dir/src.c.o  -o cmTryCompileExec3960265186 -rdynamic -lrt 
make[1]: Leaving directory `/home/mkn/_libssh/libssh_build/CMakeFiles/CMakeTmp'

Source file was:

__thread int tls;

int main(void) {
    return 0;
}
Performing C SOURCE FILE Test HAVE_GCC_VOLATILE_MEMORY_PROTECTION succeded with the following output:
Change Dir: /home/mkn/_libssh/libssh_build/CMakeFiles/CMakeTmp

Run Build Command:/usr/bin/make "cmTryCompileExec409881716/fast"
/usr/bin/make -f CMakeFiles/cmTryCompileExec409881716.dir/build.make CMakeFiles/cmTryCompileExec409881716.dir/build
make[1]: Entering directory `/home/mkn/_libssh/libssh_build/CMakeFiles/CMakeTmp'
/usr/bin/cmake -E cmake_progress_report /home/mkn/_libssh/libssh_build/CMakeFiles/CMakeTmp/CMakeFiles 1
Building C object CMakeFiles/cmTryCompileExec409881716.dir/src.c.o
/usr/bin/cc   -std=gnu99 -pedantic -pedantic-errors -Wall -Wextra -Wshadow -Wmissing-prototypes -Wdeclaration-after-statement -Wunused -Wfloat-equal -Wpointer-arith -Wwrite-strings -Wformat-security -Wmissing-format-attribute -fPIC -fstack-protector -D_LARGEFILE_SOURCE -D_FILE_OFFSET_BITS=64 -DHAVE_GCC_VOLATILE_MEMORY_PROTECTION   -o CMakeFiles/cmTryCompileExec409881716.dir/src.c.o   -c /home/mkn/_libssh/libssh_build/CMakeFiles/CMakeTmp/src.c
Linking C executable cmTryCompileExec409881716
/usr/bin/cmake -E cmake_link_script CMakeFiles/cmTryCompileExec409881716.dir/link.txt --verbose=1
/usr/bin/cc   -std=gnu99 -pedantic -pedantic-errors -Wall -Wextra -Wshadow -Wmissing-prototypes -Wdeclaration-after-statement -Wunused -Wfloat-equal -Wpointer-arith -Wwrite-strings -Wformat-security -Wmissing-format-attribute -fPIC -fstack-protector -D_LARGEFILE_SOURCE -D_FILE_OFFSET_BITS=64 -DHAVE_GCC_VOLATILE_MEMORY_PROTECTION    CMakeFiles/cmTryCompileExec409881716.dir/src.c.o  -o cmTryCompileExec409881716 -rdynamic -lrt 
make[1]: Leaving directory `/home/mkn/_libssh/libssh_build/CMakeFiles/CMakeTmp'

Source file was:

#include <string.h>

int main(void)
{
    char buf[] = "This is some content";

    memset(buf, '\0', sizeof(buf)); __asm__ volatile("" : : "r"(&buf) : "memory");

    return 0;
}
Performing C SOURCE FILE Test HAVE_GCC_NARG_MACRO succeded with the following output:
Change Dir: /home/mkn/_libssh/libssh_build/CMakeFiles/CMakeTmp

Run Build Command:/usr/bin/make "cmTryCompileExec89042519/fast"
/usr/bin/make -f CMakeFiles/cmTryCompileExec89042519.dir/build.make CMakeFiles/cmTryCompileExec89042519.dir/build
make[1]: Entering directory `/home/mkn/_libssh/libssh_build/CMakeFiles/CMakeTmp'
/usr/bin/cmake -E cmake_progress_report /home/mkn/_libssh/libssh_build/CMakeFiles/CMakeTmp/CMakeFiles 1
Building C object CMakeFiles/cmTryCompileExec89042519.dir/src.c.o
/usr/bin/cc   -std=gnu99 -pedantic -pedantic-errors -Wall -Wextra -Wshadow -Wmissing-prototypes -Wdeclaration-after-statement -Wunused -Wfloat-equal -Wpointer-arith -Wwrite-strings -Wformat-security -Wmissing-format-attribute -fPIC -fstack-protector -D_LARGEFILE_SOURCE -D_FILE_OFFSET_BITS=64 -DHAVE_GCC_NARG_MACRO   -o CMakeFiles/cmTryCompileExec89042519.dir/src.c.o   -c /home/mkn/_libssh/libssh_build/CMakeFiles/CMakeTmp/src.c
Linking C executable cmTryCompileExec89042519
/usr/bin/cmake -E cmake_link_script CMakeFiles/cmTryCompileExec89042519.dir/link.txt --verbose=1
/usr/bin/cc   -std=gnu99 -pedantic -pedantic-errors -Wall -Wextra -Wshadow -Wmissing-prototypes -Wdeclaration-after-statement -Wunused -Wfloat-equal -Wpointer-arith -Wwrite-strings -Wformat-security -Wmissing-format-attribute -fPIC -fstack-protector -D_LARGEFILE_SOURCE -D_FILE_OFFSET_BITS=64 -DHAVE_GCC_NARG_MACRO    CMakeFiles/cmTryCompileExec89042519.dir/src.c.o  -o cmTryCompileExec89042519 -rdynamic -lrt 
make[1]: Leaving directory `/home/mkn/_libssh/libssh_build/CMakeFiles/CMakeTmp'

Source file was:

#include <stdio.h>
#define __VA_NARG__(...) (__VA_NARG_(_0, ## __VA_ARGS__, __RSEQ_N()) - 1)
#define __VA_NARG_(...) __VA_ARG_N(__VA_ARGS__)
#define __VA_ARG_N( _1, _2, _3, _4, _5, _6, _7, _8, _9,_10,N,...) N
#define __RSEQ_N() 10, 9,  8,  7,  6,  5,  4,  3,  2,  1,  0
#define myprintf(format, ...) printf((format), __VA_NARG__(__VA_ARGS__), __VA_ARGS__)
int main(void) {
    myprintf("%d %d %d %d",1,2,3);
    return 0;
}
Performing C SOURCE FILE Test HAVE_COMPILER__FUNC__ succeded with the following output:
Change Dir: /home/mkn/_libssh/libssh_build/CMakeFiles/CMakeTmp

Run Build Command:/usr/bin/make "cmTryCompileExec3799777219/fast"
/usr/bin/make -f CMakeFiles/cmTryCompileExec3799777219.dir/build.make CMakeFiles/cmTryCompileExec3799777219.dir/build
make[1]: Entering directory `/home/mkn/_libssh/libssh_build/CMakeFiles/CMakeTmp'
/usr/bin/cmake -E cmake_progress_report /home/mkn/_libssh/libssh_build/CMakeFiles/CMakeTmp/CMakeFiles 1
Building C object CMakeFiles/cmTryCompileExec3799777219.dir/src.c.o
/usr/bin/cc   -std=gnu99 -pedantic -pedantic-errors -Wall -Wextra -Wshadow -Wmissing-prototypes -Wdeclaration-after-statement -Wunused -Wfloat-equal -Wpointer-arith -Wwrite-strings -Wformat-security -Wmissing-format-attribute -fPIC -fstack-protector -D_LARGEFILE_SOURCE -D_FILE_OFFSET_BITS=64 -DHAVE_COMPILER__FUNC__   -o CMakeFiles/cmTryCompileExec3799777219.dir/src.c.o   -c /home/mkn/_libssh/libssh_build/CMakeFiles/CMakeTmp/src.c
Linking C executable cmTryCompileExec3799777219
/usr/bin/cmake -E cmake_link_script CMakeFiles/cmTryCompileExec3799777219.dir/link.txt --verbose=1
/usr/bin/cc   -std=gnu99 -pedantic -pedantic-errors -Wall -Wextra -Wshadow -Wmissing-prototypes -Wdeclaration-after-statement -Wunused -Wfloat-equal -Wpointer-arith -Wwrite-strings -Wformat-security -Wmissing-format-attribute -fPIC -fstack-protector -D_LARGEFILE_SOURCE -D_FILE_OFFSET_BITS=64 -DHAVE_COMPILER__FUNC__    CMakeFiles/cmTryCompileExec3799777219.dir/src.c.o  -o cmTryCompileExec3799777219 -rdynamic -lrt 
make[1]: Leaving directory `/home/mkn/_libssh/libssh_build/CMakeFiles/CMakeTmp'

Source file was:

#include <stdio.h>
int main(void) {
    printf("%s", __func__);
    return 0;
}
Performing C SOURCE FILE Test HAVE_COMPILER__FUNCTION__ succeded with the following output:
Change Dir: /home/mkn/_libssh/libssh_build/CMakeFiles/CMakeTmp

Run Build Command:/usr/bin/make "cmTryCompileExec3024992396/fast"
/usr/bin/make -f CMakeFiles/cmTryCompileExec3024992396.dir/build.make CMakeFiles/cmTryCompileExec3024992396.dir/build
make[1]: Entering directory `/home/mkn/_libssh/libssh_build/CMakeFiles/CMakeTmp'
/usr/bin/cmake -E cmake_progress_report /home/mkn/_libssh/libssh_build/CMakeFiles/CMakeTmp/CMakeFiles 1
Building C object CMakeFiles/cmTryCompileExec3024992396.dir/src.c.o
/usr/bin/cc   -std=gnu99 -pedantic -pedantic-errors -Wall -Wextra -Wshadow -Wmissing-prototypes -Wdeclaration-after-statement -Wunused -Wfloat-equal -Wpointer-arith -Wwrite-strings -Wformat-security -Wmissing-format-attribute -fPIC -fstack-protector -D_LARGEFILE_SOURCE -D_FILE_OFFSET_BITS=64 -DHAVE_COMPILER__FUNCTION__   -o CMakeFiles/cmTryCompileExec3024992396.dir/src.c.o   -c /home/mkn/_libssh/libssh_build/CMakeFiles/CMakeTmp/src.c
Linking C executable cmTryCompileExec3024992396
/usr/bin/cmake -E cmake_link_script CMakeFiles/cmTryCompileExec3024992396.dir/link.txt --verbose=1
/usr/bin/cc   -std=gnu99 -pedantic -pedantic-errors -Wall -Wextra -Wshadow -Wmissing-prototypes -Wdeclaration-after-statement -Wunused -Wfloat-equal -Wpointer-arith -Wwrite-strings -Wformat-security -Wmissing-format-attribute -fPIC -fstack-protector -D_LARGEFILE_SOURCE -D_FILE_OFFSET_BITS=64 -DHAVE_COMPILER__FUNCTION__    CMakeFiles/cmTryCompileExec3024992396.dir/src.c.o  -o cmTryCompileExec3024992396 -rdynamic -lrt 
make[1]: Leaving directory `/home/mkn/_libssh/libssh_build/CMakeFiles/CMakeTmp'

Source file was:

#include <stdio.h>
int main(void) {
    printf("%s", __FUNCTION__);
    return 0;
}
Determining if the include file sys/types.h exists passed with the following output:
Change Dir: /home/mkn/_libssh/libssh_build/CMakeFiles/CMakeTmp

Run Build Command:/usr/bin/make "cmTryCompileExec3477390613/fast"
/usr/bin/make -f CMakeFiles/cmTryCompileExec3477390613.dir/build.make CMakeFiles/cmTryCompileExec3477390613.dir/build
make[1]: Entering directory `/home/mkn/_libssh/libssh_build/CMakeFiles/CMakeTmp'
/usr/bin/cmake -E cmake_progress_report /home/mkn/_libssh/libssh_build/CMakeFiles/CMakeTmp/CMakeFiles 1
Building C object CMakeFiles/cmTryCompileExec3477390613.dir/CheckIncludeFile.c.o
/usr/bin/cc   -std=gnu99 -pedantic -pedantic-errors -Wall -Wextra -Wshadow -Wmissing-prototypes -Wdeclaration-after-statement -Wunused -Wfloat-equal -Wpointer-arith -Wwrite-strings -Wformat-security -Wmissing-format-attribute -fPIC -fstack-protector -D_LARGEFILE_SOURCE -D_FILE_OFFSET_BITS=64    -o CMakeFiles/cmTryCompileExec3477390613.dir/CheckIncludeFile.c.o   -c /home/mkn/_libssh/libssh_build/CMakeFiles/CMakeTmp/CheckIncludeFile.c
Linking C executable cmTryCompileExec3477390613
/usr/bin/cmake -E cmake_link_script CMakeFiles/cmTryCompileExec3477390613.dir/link.txt --verbose=1
/usr/bin/cc   -std=gnu99 -pedantic -pedantic-errors -Wall -Wextra -Wshadow -Wmissing-prototypes -Wdeclaration-after-statement -Wunused -Wfloat-equal -Wpointer-arith -Wwrite-strings -Wformat-security -Wmissing-format-attribute -fPIC -fstack-protector -D_LARGEFILE_SOURCE -D_FILE_OFFSET_BITS=64     CMakeFiles/cmTryCompileExec3477390613.dir/CheckIncludeFile.c.o  -o cmTryCompileExec3477390613 -rdynamic 
make[1]: Leaving directory `/home/mkn/_libssh/libssh_build/CMakeFiles/CMakeTmp'


Determining if the include file stdint.h exists passed with the following output:
Change Dir: /home/mkn/_libssh/libssh_build/CMakeFiles/CMakeTmp

Run Build Command:/usr/bin/make "cmTryCompileExec3756768427/fast"
/usr/bin/make -f CMakeFiles/cmTryCompileExec3756768427.dir/build.make CMakeFiles/cmTryCompileExec3756768427.dir/build
make[1]: Entering directory `/home/mkn/_libssh/libssh_build/CMakeFiles/CMakeTmp'
/usr/bin/cmake -E cmake_progress_report /home/mkn/_libssh/libssh_build/CMakeFiles/CMakeTmp/CMakeFiles 1
Building C object CMakeFiles/cmTryCompileExec3756768427.dir/CheckIncludeFile.c.o
/usr/bin/cc   -std=gnu99 -pedantic -pedantic-errors -Wall -Wextra -Wshadow -Wmissing-prototypes -Wdeclaration-after-statement -Wunused -Wfloat-equal -Wpointer-arith -Wwrite-strings -Wformat-security -Wmissing-format-attribute -fPIC -fstack-protector -D_LARGEFILE_SOURCE -D_FILE_OFFSET_BITS=64    -o CMakeFiles/cmTryCompileExec3756768427.dir/CheckIncludeFile.c.o   -c /home/mkn/_libssh/libssh_build/CMakeFiles/CMakeTmp/CheckIncludeFile.c
Linking C executable cmTryCompileExec3756768427
/usr/bin/cmake -E cmake_link_script CMakeFiles/cmTryCompileExec3756768427.dir/link.txt --verbose=1
/usr/bin/cc   -std=gnu99 -pedantic -pedantic-errors -Wall -Wextra -Wshadow -Wmissing-prototypes -Wdeclaration-after-statement -Wunused -Wfloat-equal -Wpointer-arith -Wwrite-strings -Wformat-security -Wmissing-format-attribute -fPIC -fstack-protector -D_LARGEFILE_SOURCE -D_FILE_OFFSET_BITS=64     CMakeFiles/cmTryCompileExec3756768427.dir/CheckIncludeFile.c.o  -o cmTryCompileExec3756768427 -rdynamic 
make[1]: Leaving directory `/home/mkn/_libssh/libssh_build/CMakeFiles/CMakeTmp'


Determining if the include file stddef.h exists passed with the following output:
Change Dir: /home/mkn/_libssh/libssh_build/CMakeFiles/CMakeTmp

Run Build Command:/usr/bin/make "cmTryCompileExec4266505303/fast"
/usr/bin/make -f CMakeFiles/cmTryCompileExec4266505303.dir/build.make CMakeFiles/cmTryCompileExec4266505303.dir/build
make[1]: Entering directory `/home/mkn/_libssh/libssh_build/CMakeFiles/CMakeTmp'
/usr/bin/cmake -E cmake_progress_report /home/mkn/_libssh/libssh_build/CMakeFiles/CMakeTmp/CMakeFiles 1
Building C object CMakeFiles/cmTryCompileExec4266505303.dir/CheckIncludeFile.c.o
/usr/bin/cc   -std=gnu99 -pedantic -pedantic-errors -Wall -Wextra -Wshadow -Wmissing-prototypes -Wdeclaration-after-statement -Wunused -Wfloat-equal -Wpointer-arith -Wwrite-strings -Wformat-security -Wmissing-format-attribute -fPIC -fstack-protector -D_LARGEFILE_SOURCE -D_FILE_OFFSET_BITS=64    -o CMakeFiles/cmTryCompileExec4266505303.dir/CheckIncludeFile.c.o   -c /home/mkn/_libssh/libssh_build/CMakeFiles/CMakeTmp/CheckIncludeFile.c
Linking C executable cmTryCompileExec4266505303
/usr/bin/cmake -E cmake_link_script CMakeFiles/cmTryCompileExec4266505303.dir/link.txt --verbose=1
/usr/bin/cc   -std=gnu99 -pedantic -pedantic-errors -Wall -Wextra -Wshadow -Wmissing-prototypes -Wdeclaration-after-statement -Wunused -Wfloat-equal -Wpointer-arith -Wwrite-strings -Wformat-security -Wmissing-format-attribute -fPIC -fstack-protector -D_LARGEFILE_SOURCE -D_FILE_OFFSET_BITS=64     CMakeFiles/cmTryCompileExec4266505303.dir/CheckIncludeFile.c.o  -o cmTryCompileExec4266505303 -rdynamic 
make[1]: Leaving directory `/home/mkn/_libssh/libssh_build/CMakeFiles/CMakeTmp'


Determining size of unsigned short passed with the following output:
Change Dir: /home/mkn/_libssh/libssh_build/CMakeFiles/CMakeTmp

Run Build Command:/usr/bin/make "cmTryCompileExec3700066208/fast"
/usr/bin/make -f CMakeFiles/cmTryCompileExec3700066208.dir/build.make CMakeFiles/cmTryCompileExec3700066208.dir/build
make[1]: Entering directory `/home/mkn/_libssh/libssh_build/CMakeFiles/CMakeTmp'
/usr/bin/cmake -E cmake_progress_report /home/mkn/_libssh/libssh_build/CMakeFiles/CMakeTmp/CMakeFiles 1
Building C object CMakeFiles/cmTryCompileExec3700066208.dir/CMAKE_SIZEOF_UNSIGNED_SHORT.c.o
/usr/bin/cc   -std=gnu99 -pedantic -pedantic-errors -Wall -Wextra -Wshadow -Wmissing-prototypes -Wdeclaration-after-statement -Wunused -Wfloat-equal -Wpointer-arith -Wwrite-strings -Wformat-security -Wmissing-format-attribute -fPIC -fstack-protector -D_LARGEFILE_SOURCE -D_FILE_OFFSET_BITS=64    -o CMakeFiles/cmTryCompileExec3700066208.dir/CMAKE_SIZEOF_UNSIGNED_SHORT.c.o   -c /home/mkn/_libssh/libssh_build/CMakeFiles/CheckTypeSize/CMAKE_SIZEOF_UNSIGNED_SHORT.c
Linking C executable cmTryCompileExec3700066208
/usr/bin/cmake -E cmake_link_script CMakeFiles/cmTryCompileExec3700066208.dir/link.txt --verbose=1
/usr/bin/cc   -std=gnu99 -pedantic -pedantic-errors -Wall -Wextra -Wshadow -Wmissing-prototypes -Wdeclaration-after-statement -Wunused -Wfloat-equal -Wpointer-arith -Wwrite-strings -Wformat-security -Wmissing-format-attribute -fPIC -fstack-protector -D_LARGEFILE_SOURCE -D_FILE_OFFSET_BITS=64     CMakeFiles/cmTryCompileExec3700066208.dir/CMAKE_SIZEOF_UNSIGNED_SHORT.c.o  -o cmTryCompileExec3700066208 -rdynamic -lrt 
make[1]: Leaving directory `/home/mkn/_libssh/libssh_build/CMakeFiles/CMakeTmp'


Compiling the CXX compiler identification source file "CMakeCXXCompilerId.cpp" succeeded.
Compiler: /usr/bin/c++ 
Build flags: 
Id flags: 

The output was:
0


Compilation of the CXX compiler identification source "CMakeCXXCompilerId.cpp" produced "a.out"

The CXX compiler identification is GNU, found in "/home/mkn/_libssh/libssh_build/CMakeFiles/2.8.12.2/CompilerIdCXX/a.out"

Determining if the CXX compiler works passed with the following output:
Change Dir: /home/mkn/_libssh/libssh_build/CMakeFiles/CMakeTmp

Run Build Command:/usr/bin/make "cmTryCompileExec689220966/fast"
/usr/bin/make -f CMakeFiles/cmTryCompileExec689220966.dir/build.make CMakeFiles/cmTryCompileExec689220966.dir/build
make[1]: Entering directory `/home/mkn/_libssh/libssh_build/CMakeFiles/CMakeTmp'
/usr/bin/cmake -E cmake_progress_report /home/mkn/_libssh/libssh_build/CMakeFiles/CMakeTmp/CMakeFiles 1
Building CXX object CMakeFiles/cmTryCompileExec689220966.dir/testCXXCompiler.cxx.o
/usr/bin/c++     -o CMakeFiles/cmTryCompileExec689220966.dir/testCXXCompiler.cxx.o -c /home/mkn/_libssh/libssh_build/CMakeFiles/CMakeTmp/testCXXCompiler.cxx
Linking CXX executable cmTryCompileExec689220966
/usr/bin/cmake -E cmake_link_script CMakeFiles/cmTryCompileExec689220966.dir/link.txt --verbose=1
/usr/bin/c++        CMakeFiles/cmTryCompileExec689220966.dir/testCXXCompiler.cxx.o  -o cmTryCompileExec689220966 -rdynamic 
make[1]: Leaving directory `/home/mkn/_libssh/libssh_build/CMakeFiles/CMakeTmp'


Detecting CXX compiler ABI info compiled with the following output:
Change Dir: /home/mkn/_libssh/libssh_build/CMakeFiles/CMakeTmp

Run Build Command:/usr/bin/make "cmTryCompileExec3142186446/fast"
/usr/bin/make -f CMakeFiles/cmTryCompileExec3142186446.dir/build.make CMakeFiles/cmTryCompileExec3142186446.dir/build
make[1]: Entering directory `/home/mkn/_libssh/libssh_build/CMakeFiles/CMakeTmp'
/usr/bin/cmake -E cmake_progress_report /home/mkn/_libssh/libssh_build/CMakeFiles/CMakeTmp/CMakeFiles 1
Building CXX object CMakeFiles/cmTryCompileExec3142186446.dir/CMakeCXXCompilerABI.cpp.o
/usr/bin/c++     -o CMakeFiles/cmTryCompileExec3142186446.dir/CMakeCXXCompilerABI.cpp.o -c /usr/share/cmake-2.8/Modules/CMakeCXXCompilerABI.cpp
Linking CXX executable cmTryCompileExec3142186446
/usr/bin/cmake -E cmake_link_script CMakeFiles/cmTryCompileExec3142186446.dir/link.txt --verbose=1
/usr/bin/c++      -v CMakeFiles/cmTryCompileExec3142186446.dir/CMakeCXXCompilerABI.cpp.o  -o cmTryCompileExec3142186446 -rdynamic  
Using built-in specs.
COLLECT_GCC=/usr/bin/c++
COLLECT_LTO_WRAPPER=/usr/lib/gcc/i686-linux-gnu/4.8/lto-wrapper
Target: i686-linux-gnu
Configured with: ../src/configure -v --with-pkgversion='Ubuntu 4.8.4-2ubuntu1~14.04' --with-bugurl=file:///usr/share/doc/gcc-4.8/README.Bugs --enable-languages=c,c++,java,go,d,fortran,objc,obj-c++ --prefix=/usr --program-suffix=-4.8 --enable-shared --enable-linker-build-id --libexecdir=/usr/lib --without-included-gettext --enable-threads=posix --with-gxx-include-dir=/usr/include/c++/4.8 --libdir=/usr/lib --enable-nls --with-sysroot=/ --enable-clocale=gnu --enable-libstdcxx-debug --enable-libstdcxx-time=yes --enable-gnu-unique-object --disable-libmudflap --enable-plugin --with-system-zlib --disable-browser-plugin --enable-java-awt=gtk --enable-gtk-cairo --with-java-home=/usr/lib/jvm/java-1.5.0-gcj-4.8-i386/jre --enable-java-home --with-jvm-root-dir=/usr/lib/jvm/java-1.5.0-gcj-4.8-i386 --with-jvm-jar-dir=/usr/lib/jvm-exports/java-1.5.0-gcj-4.8-i386 --with-arch-directory=i386 --with-ecj-jar=/usr/share/java/eclipse-ecj.jar --enable-objc-gc --enable-targets=all --enable-multiarch --disable-werror --with-arch-32=i686 --with-multilib-list=m32,m64,mx32 --with-tune=generic --enable-checking=release --build=i686-linux-gnu --host=i686-linux-gnu --target=i686-linux-gnu
Thread model: posix
gcc version 4.8.4 (Ubuntu 4.8.4-2ubuntu1~14.04) 
COMPILER_PATH=/usr/lib/gcc/i686-linux-gnu/4.8/:/usr/lib/gcc/i686-linux-gnu/4.8/:/usr/lib/gcc/i686-linux-gnu/:/usr/lib/gcc/i686-linux-gnu/4.8/:/usr/lib/gcc/i686-linux-gnu/
LIBRARY_PATH=/usr/lib/gcc/i686-linux-gnu/4.8/:/usr/lib/gcc/i686-linux-gnu/4.8/../../../i386-linux-gnu/:/usr/lib/gcc/i686-linux-gnu/4.8/../../../../lib/:/lib/i386-linux-gnu/:/lib/../lib/:/usr/lib/i386-linux-gnu/:/usr/lib/../lib/:/usr/lib/gcc/i686-linux-gnu/4.8/../../../:/lib/:/usr/lib/
COLLECT_GCC_OPTIONS='-v' '-o' 'cmTryCompileExec3142186446' '-rdynamic' '-shared-libgcc' '-mtune=generic' '-march=i686'
 /usr/lib/gcc/i686-linux-gnu/4.8/collect2 --sysroot=/ --build-id --eh-frame-hdr -m elf_i386 --hash-style=gnu --as-needed -export-dynamic -dynamic-linker /lib/ld-linux.so.2 -z relro -o cmTryCompileExec3142186446 /usr/lib/gcc/i686-linux-gnu/4.8/../../../i386-linux-gnu/crt1.o /usr/lib/gcc/i686-linux-gnu/4.8/../../../i386-linux-gnu/crti.o /usr/lib/gcc/i686-linux-gnu/4.8/crtbegin.o -L/usr/lib/gcc/i686-linux-gnu/4.8 -L/usr/lib/gcc/i686-linux-gnu/4.8/../../../i386-linux-gnu -L/usr/lib/gcc/i686-linux-gnu/4.8/../../../../lib -L/lib/i386-linux-gnu -L/lib/../lib -L/usr/lib/i386-linux-gnu -L/usr/lib/../lib -L/usr/lib/gcc/i686-linux-gnu/4.8/../../.. CMakeFiles/cmTryCompileExec3142186446.dir/CMakeCXXCompilerABI.cpp.o -lstdc++ -lm -lgcc_s -lgcc -lc -lgcc_s -lgcc /usr/lib/gcc/i686-linux-gnu/4.8/crtend.o /usr/lib/gcc/i686-linux-gnu/4.8/../../../i386-linux-gnu/crtn.o
make[1]: Leaving directory `/home/mkn/_libssh/libssh_build/CMakeFiles/CMakeTmp'


Parsed CXX implicit link information from above output:
  link line regex: [^( *|.*[/\])(ld|([^/\]+-)?ld|collect2)[^/\]*( |$)]
  ignore line: [Change Dir: /home/mkn/_libssh/libssh_build/CMakeFiles/CMakeTmp]
  ignore line: []
  ignore line: [Run Build Command:/usr/bin/make "cmTryCompileExec3142186446/fast"]
  ignore line: [/usr/bin/make -f CMakeFiles/cmTryCompileExec3142186446.dir/build.make CMakeFiles/cmTryCompileExec3142186446.dir/build]
  ignore line: [make[1]: Entering directory `/home/mkn/_libssh/libssh_build/CMakeFiles/CMakeTmp']
  ignore line: [/usr/bin/cmake -E cmake_progress_report /home/mkn/_libssh/libssh_build/CMakeFiles/CMakeTmp/CMakeFiles 1]
  ignore line: [Building CXX object CMakeFiles/cmTryCompileExec3142186446.dir/CMakeCXXCompilerABI.cpp.o]
  ignore line: [/usr/bin/c++     -o CMakeFiles/cmTryCompileExec3142186446.dir/CMakeCXXCompilerABI.cpp.o -c /usr/share/cmake-2.8/Modules/CMakeCXXCompilerABI.cpp]
  ignore line: [Linking CXX executable cmTryCompileExec3142186446]
  ignore line: [/usr/bin/cmake -E cmake_link_script CMakeFiles/cmTryCompileExec3142186446.dir/link.txt --verbose=1]
  ignore line: [/usr/bin/c++      -v CMakeFiles/cmTryCompileExec3142186446.dir/CMakeCXXCompilerABI.cpp.o  -o cmTryCompileExec3142186446 -rdynamic  ]
  ignore line: [Using built-in specs.]
  ignore line: [COLLECT_GCC=/usr/bin/c++]
  ignore line: [COLLECT_LTO_WRAPPER=/usr/lib/gcc/i686-linux-gnu/4.8/lto-wrapper]
  ignore line: [Target: i686-linux-gnu]
  ignore line: [Configured with: ../src/configure -v --with-pkgversion='Ubuntu 4.8.4-2ubuntu1~14.04' --with-bugurl=file:///usr/share/doc/gcc-4.8/README.Bugs --enable-languages=c,c++,java,go,d,fortran,objc,obj-c++ --prefix=/usr --program-suffix=-4.8 --enable-shared --enable-linker-build-id --libexecdir=/usr/lib --without-included-gettext --enable-threads=posix --with-gxx-include-dir=/usr/include/c++/4.8 --libdir=/usr/lib --enable-nls --with-sysroot=/ --enable-clocale=gnu --enable-libstdcxx-debug --enable-libstdcxx-time=yes --enable-gnu-unique-object --disable-libmudflap --enable-plugin --with-system-zlib --disable-browser-plugin --enable-java-awt=gtk --enable-gtk-cairo --with-java-home=/usr/lib/jvm/java-1.5.0-gcj-4.8-i386/jre --enable-java-home --with-jvm-root-dir=/usr/lib/jvm/java-1.5.0-gcj-4.8-i386 --with-jvm-jar-dir=/usr/lib/jvm-exports/java-1.5.0-gcj-4.8-i386 --with-arch-directory=i386 --with-ecj-jar=/usr/share/java/eclipse-ecj.jar --enable-objc-gc --enable-targets=all --enable-multiarch --disable-werror --with-arch-32=i686 --with-multilib-list=m32,m64,mx32 --with-tune=generic --enable-checking=release --build=i686-linux-gnu --host=i686-linux-gnu --target=i686-linux-gnu]
  ignore line: [Thread model: posix]
  ignore line: [gcc version 4.8.4 (Ubuntu 4.8.4-2ubuntu1~14.04) ]
  ignore line: [COMPILER_PATH=/usr/lib/gcc/i686-linux-gnu/4.8/:/usr/lib/gcc/i686-linux-gnu/4.8/:/usr/lib/gcc/i686-linux-gnu/:/usr/lib/gcc/i686-linux-gnu/4.8/:/usr/lib/gcc/i686-linux-gnu/]
  ignore line: [LIBRARY_PATH=/usr/lib/gcc/i686-linux-gnu/4.8/:/usr/lib/gcc/i686-linux-gnu/4.8/../../../i386-linux-gnu/:/usr/lib/gcc/i686-linux-gnu/4.8/../../../../lib/:/lib/i386-linux-gnu/:/lib/../lib/:/usr/lib/i386-linux-gnu/:/usr/lib/../lib/:/usr/lib/gcc/i686-linux-gnu/4.8/../../../:/lib/:/usr/lib/]
  ignore line: [COLLECT_GCC_OPTIONS='-v' '-o' 'cmTryCompileExec3142186446' '-rdynamic' '-shared-libgcc' '-mtune=generic' '-march=i686']
  link line: [ /usr/lib/gcc/i686-linux-gnu/4.8/collect2 --sysroot=/ --build-id --eh-frame-hdr -m elf_i386 --hash-style=gnu --as-needed -export-dynamic -dynamic-linker /lib/ld-linux.so.2 -z relro -o cmTryCompileExec3142186446 /usr/lib/gcc/i686-linux-gnu/4.8/../../../i386-linux-gnu/crt1.o /usr/lib/gcc/i686-linux-gnu/4.8/../../../i386-linux-gnu/crti.o /usr/lib/gcc/i686-linux-gnu/4.8/crtbegin.o -L/usr/lib/gcc/i686-linux-gnu/4.8 -L/usr/lib/gcc/i686-linux-gnu/4.8/../../../i386-linux-gnu -L/usr/lib/gcc/i686-linux-gnu/4.8/../../../../lib -L/lib/i386-linux-gnu -L/lib/../lib -L/usr/lib/i386-linux-gnu -L/usr/lib/../lib -L/usr/lib/gcc/i686-linux-gnu/4.8/../../.. CMakeFiles/cmTryCompileExec3142186446.dir/CMakeCXXCompilerABI.cpp.o -lstdc++ -lm -lgcc_s -lgcc -lc -lgcc_s -lgcc /usr/lib/gcc/i686-linux-gnu/4.8/crtend.o /usr/lib/gcc/i686-linux-gnu/4.8/../../../i386-linux-gnu/crtn.o]
    arg [/usr/lib/gcc/i686-linux-gnu/4.8/collect2] ==> ignore
    arg [--sysroot=/] ==> ignore
    arg [--build-id] ==> ignore
    arg [--eh-frame-hdr] ==> ignore
    arg [-m] ==> ignore
    arg [elf_i386] ==> ignore
    arg [--hash-style=gnu] ==> ignore
    arg [--as-needed] ==> ignore
    arg [-export-dynamic] ==> ignore
    arg [-dynamic-linker] ==> ignore
    arg [/lib/ld-linux.so.2] ==> ignore
    arg [-zrelro] ==> ignore
    arg [-o] ==> ignore
    arg [cmTryCompileExec3142186446] ==> ignore
    arg [/usr/lib/gcc/i686-linux-gnu/4.8/../../../i386-linux-gnu/crt1.o] ==> ignore
    arg [/usr/lib/gcc/i686-linux-gnu/4.8/../../../i386-linux-gnu/crti.o] ==> ignore
    arg [/usr/lib/gcc/i686-linux-gnu/4.8/crtbegin.o] ==> ignore
    arg [-L/usr/lib/gcc/i686-linux-gnu/4.8] ==> dir [/usr/lib/gcc/i686-linux-gnu/4.8]
    arg [-L/usr/lib/gcc/i686-linux-gnu/4.8/../../../i386-linux-gnu] ==> dir [/usr/lib/gcc/i686-linux-gnu/4.8/../../../i386-linux-gnu]
    arg [-L/usr/lib/gcc/i686-linux-gnu/4.8/../../../../lib] ==> dir [/usr/lib/gcc/i686-linux-gnu/4.8/../../../../lib]
    arg [-L/lib/i386-linux-gnu] ==> dir [/lib/i386-linux-gnu]
    arg [-L/lib/../lib] ==> dir [/lib/../lib]
    arg [-L/usr/lib/i386-linux-gnu] ==> dir [/usr/lib/i386-linux-gnu]
    arg [-L/usr/lib/../lib] ==> dir [/usr/lib/../lib]
    arg [-L/usr/lib/gcc/i686-linux-gnu/4.8/../../..] ==> dir [/usr/lib/gcc/i686-linux-gnu/4.8/../../..]
    arg [CMakeFiles/cmTryCompileExec3142186446.dir/CMakeCXXCompilerABI.cpp.o] ==> ignore
    arg [-lstdc++] ==> lib [stdc++]
    arg [-lm] ==> lib [m]
    arg [-lgcc_s] ==> lib [gcc_s]
    arg [-lgcc] ==> lib [gcc]
    arg [-lc] ==> lib [c]
    arg [-lgcc_s] ==> lib [gcc_s]
    arg [-lgcc] ==> lib [gcc]
    arg [/usr/lib/gcc/i686-linux-gnu/4.8/crtend.o] ==> ignore
    arg [/usr/lib/gcc/i686-linux-gnu/4.8/../../../i386-linux-gnu/crtn.o] ==> ignore
  remove lib [gcc_s]
  remove lib [gcc]
  remove lib [gcc_s]
  remove lib [gcc]
  collapse library dir [/usr/lib/gcc/i686-linux-gnu/4.8] ==> [/usr/lib/gcc/i686-linux-gnu/4.8]
  collapse library dir [/usr/lib/gcc/i686-linux-gnu/4.8/../../../i386-linux-gnu] ==> [/usr/lib/i386-linux-gnu]
  collapse library dir [/usr/lib/gcc/i686-linux-gnu/4.8/../../../../lib] ==> [/usr/lib]
  collapse library dir [/lib/i386-linux-gnu] ==> [/lib/i386-linux-gnu]
  collapse library dir [/lib/../lib] ==> [/lib]
  collapse library dir [/usr/lib/i386-linux-gnu] ==> [/usr/lib/i386-linux-gnu]
  collapse library dir [/usr/lib/../lib] ==> [/usr/lib]
  collapse library dir [/usr/lib/gcc/i686-linux-gnu/4.8/../../..] ==> [/usr/lib]
  implicit libs: [stdc++;m;c]
  implicit dirs: [/usr/lib/gcc/i686-linux-gnu/4.8;/usr/lib/i386-linux-gnu;/usr/lib;/lib/i386-linux-gnu;/lib]
  implicit fwks: []


Determining if the include file openssl/des.h exists passed with the following output:
Change Dir: /home/mkn/_libssh/libssh_build/CMakeFiles/CMakeTmp

Run Build Command:/usr/bin/make "cmTryCompileExec2966329912/fast"
/usr/bin/make -f CMakeFiles/cmTryCompileExec2966329912.dir/build.make CMakeFiles/cmTryCompileExec2966329912.dir/build
make[1]: Entering directory `/home/mkn/_libssh/libssh_build/CMakeFiles/CMakeTmp'
/usr/bin/cmake -E cmake_progress_report /home/mkn/_libssh/libssh_build/CMakeFiles/CMakeTmp/CMakeFiles 1
Building C object CMakeFiles/cmTryCompileExec2966329912.dir/CheckIncludeFile.c.o
/usr/bin/cc   -std=gnu99 -pedantic -pedantic-errors -Wall -Wextra -Wshadow -Wmissing-prototypes -Wdeclaration-after-statement -Wunused -Wfloat-equal -Wpointer-arith -Wwrite-strings -Wformat-security -Wmissing-format-attribute -fPIC -fstack-protector -D_LARGEFILE_SOURCE -D_FILE_OFFSET_BITS=64  -I/usr/local/ssl/include    -o CMakeFiles/cmTryCompileExec2966329912.dir/CheckIncludeFile.c.o   -c /home/mkn/_libssh/libssh_build/CMakeFiles/CMakeTmp/CheckIncludeFile.c
Linking C executable cmTryCompileExec2966329912
/usr/bin/cmake -E cmake_link_script CMakeFiles/cmTryCompileExec2966329912.dir/link.txt --verbose=1
/usr/bin/cc   -std=gnu99 -pedantic -pedantic-errors -Wall -Wextra -Wshadow -Wmissing-prototypes -Wdeclaration-after-statement -Wunused -Wfloat-equal -Wpointer-arith -Wwrite-strings -Wformat-security -Wmissing-format-attribute -fPIC -fstack-protector -D_LARGEFILE_SOURCE -D_FILE_OFFSET_BITS=64     CMakeFiles/cmTryCompileExec2966329912.dir/CheckIncludeFile.c.o  -o cmTryCompileExec2966329912 -rdynamic 
make[1]: Leaving directory `/home/mkn/_libssh/libssh_build/CMakeFiles/CMakeTmp'


Determining if the include file openssl/aes.h exists passed with the following output:
Change Dir: /home/mkn/_libssh/libssh_build/CMakeFiles/CMakeTmp

Run Build Command:/usr/bin/make "cmTryCompileExec3951024100/fast"
/usr/bin/make -f CMakeFiles/cmTryCompileExec3951024100.dir/build.make CMakeFiles/cmTryCompileExec3951024100.dir/build
make[1]: Entering directory `/home/mkn/_libssh/libssh_build/CMakeFiles/CMakeTmp'
/usr/bin/cmake -E cmake_progress_report /home/mkn/_libssh/libssh_build/CMakeFiles/CMakeTmp/CMakeFiles 1
Building C object CMakeFiles/cmTryCompileExec3951024100.dir/CheckIncludeFile.c.o
/usr/bin/cc   -std=gnu99 -pedantic -pedantic-errors -Wall -Wextra -Wshadow -Wmissing-prototypes -Wdeclaration-after-statement -Wunused -Wfloat-equal -Wpointer-arith -Wwrite-strings -Wformat-security -Wmissing-format-attribute -fPIC -fstack-protector -D_LARGEFILE_SOURCE -D_FILE_OFFSET_BITS=64  -I/usr/local/ssl/include    -o CMakeFiles/cmTryCompileExec3951024100.dir/CheckIncludeFile.c.o   -c /home/mkn/_libssh/libssh_build/CMakeFiles/CMakeTmp/CheckIncludeFile.c
Linking C executable cmTryCompileExec3951024100
/usr/bin/cmake -E cmake_link_script CMakeFiles/cmTryCompileExec3951024100.dir/link.txt --verbose=1
/usr/bin/cc   -std=gnu99 -pedantic -pedantic-errors -Wall -Wextra -Wshadow -Wmissing-prototypes -Wdeclaration-after-statement -Wunused -Wfloat-equal -Wpointer-arith -Wwrite-strings -Wformat-security -Wmissing-format-attribute -fPIC -fstack-protector -D_LARGEFILE_SOURCE -D_FILE_OFFSET_BITS=64     CMakeFiles/cmTryCompileExec3951024100.dir/CheckIncludeFile.c.o  -o cmTryCompileExec3951024100 -rdynamic 
make[1]: Leaving directory `/home/mkn/_libssh/libssh_build/CMakeFiles/CMakeTmp'


Determining if the include file openssl/blowfish.h exists passed with the following output:
Change Dir: /home/mkn/_libssh/libssh_build/CMakeFiles/CMakeTmp

Run Build Command:/usr/bin/make "cmTryCompileExec3036636947/fast"
/usr/bin/make -f CMakeFiles/cmTryCompileExec3036636947.dir/build.make CMakeFiles/cmTryCompileExec3036636947.dir/build
make[1]: Entering directory `/home/mkn/_libssh/libssh_build/CMakeFiles/CMakeTmp'
/usr/bin/cmake -E cmake_progress_report /home/mkn/_libssh/libssh_build/CMakeFiles/CMakeTmp/CMakeFiles 1
Building C object CMakeFiles/cmTryCompileExec3036636947.dir/CheckIncludeFile.c.o
/usr/bin/cc   -std=gnu99 -pedantic -pedantic-errors -Wall -Wextra -Wshadow -Wmissing-prototypes -Wdeclaration-after-statement -Wunused -Wfloat-equal -Wpointer-arith -Wwrite-strings -Wformat-security -Wmissing-format-attribute -fPIC -fstack-protector -D_LARGEFILE_SOURCE -D_FILE_OFFSET_BITS=64  -I/usr/local/ssl/include    -o CMakeFiles/cmTryCompileExec3036636947.dir/CheckIncludeFile.c.o   -c /home/mkn/_libssh/libssh_build/CMakeFiles/CMakeTmp/CheckIncludeFile.c
Linking C executable cmTryCompileExec3036636947
/usr/bin/cmake -E cmake_link_script CMakeFiles/cmTryCompileExec3036636947.dir/link.txt --verbose=1
/usr/bin/cc   -std=gnu99 -pedantic -pedantic-errors -Wall -Wextra -Wshadow -Wmissing-prototypes -Wdeclaration-after-statement -Wunused -Wfloat-equal -Wpointer-arith -Wwrite-strings -Wformat-security -Wmissing-format-attribute -fPIC -fstack-protector -D_LARGEFILE_SOURCE -D_FILE_OFFSET_BITS=64     CMakeFiles/cmTryCompileExec3036636947.dir/CheckIncludeFile.c.o  -o cmTryCompileExec3036636947 -rdynamic 
make[1]: Leaving directory `/home/mkn/_libssh/libssh_build/CMakeFiles/CMakeTmp'


Determining if the include file openssl/ecdh.h exists passed with the following output:
Change Dir: /home/mkn/_libssh/libssh_build/CMakeFiles/CMakeTmp

Run Build Command:/usr/bin/make "cmTryCompileExec2732563849/fast"
/usr/bin/make -f CMakeFiles/cmTryCompileExec2732563849.dir/build.make CMakeFiles/cmTryCompileExec2732563849.dir/build
make[1]: Entering directory `/home/mkn/_libssh/libssh_build/CMakeFiles/CMakeTmp'
/usr/bin/cmake -E cmake_progress_report /home/mkn/_libssh/libssh_build/CMakeFiles/CMakeTmp/CMakeFiles 1
Building C object CMakeFiles/cmTryCompileExec2732563849.dir/CheckIncludeFile.c.o
/usr/bin/cc   -std=gnu99 -pedantic -pedantic-errors -Wall -Wextra -Wshadow -Wmissing-prototypes -Wdeclaration-after-statement -Wunused -Wfloat-equal -Wpointer-arith -Wwrite-strings -Wformat-security -Wmissing-format-attribute -fPIC -fstack-protector -D_LARGEFILE_SOURCE -D_FILE_OFFSET_BITS=64  -I/usr/local/ssl/include    -o CMakeFiles/cmTryCompileExec2732563849.dir/CheckIncludeFile.c.o   -c /home/mkn/_libssh/libssh_build/CMakeFiles/CMakeTmp/CheckIncludeFile.c
Linking C executable cmTryCompileExec2732563849
/usr/bin/cmake -E cmake_link_script CMakeFiles/cmTryCompileExec2732563849.dir/link.txt --verbose=1
/usr/bin/cc   -std=gnu99 -pedantic -pedantic-errors -Wall -Wextra -Wshadow -Wmissing-prototypes -Wdeclaration-after-statement -Wunused -Wfloat-equal -Wpointer-arith -Wwrite-strings -Wformat-security -Wmissing-format-attribute -fPIC -fstack-protector -D_LARGEFILE_SOURCE -D_FILE_OFFSET_BITS=64     CMakeFiles/cmTryCompileExec2732563849.dir/CheckIncludeFile.c.o  -o cmTryCompileExec2732563849 -rdynamic 
make[1]: Leaving directory `/home/mkn/_libssh/libssh_build/CMakeFiles/CMakeTmp'


Determining if the include file openssl/ec.h exists passed with the following output:
Change Dir: /home/mkn/_libssh/libssh_build/CMakeFiles/CMakeTmp

Run Build Command:/usr/bin/make "cmTryCompileExec639847111/fast"
/usr/bin/make -f CMakeFiles/cmTryCompileExec639847111.dir/build.make CMakeFiles/cmTryCompileExec639847111.dir/build
make[1]: Entering directory `/home/mkn/_libssh/libssh_build/CMakeFiles/CMakeTmp'
/usr/bin/cmake -E cmake_progress_report /home/mkn/_libssh/libssh_build/CMakeFiles/CMakeTmp/CMakeFiles 1
Building C object CMakeFiles/cmTryCompileExec639847111.dir/CheckIncludeFile.c.o
/usr/bin/cc   -std=gnu99 -pedantic -pedantic-errors -Wall -Wextra -Wshadow -Wmissing-prototypes -Wdeclaration-after-statement -Wunused -Wfloat-equal -Wpointer-arith -Wwrite-strings -Wformat-security -Wmissing-format-attribute -fPIC -fstack-protector -D_LARGEFILE_SOURCE -D_FILE_OFFSET_BITS=64  -I/usr/local/ssl/include    -o CMakeFiles/cmTryCompileExec639847111.dir/CheckIncludeFile.c.o   -c /home/mkn/_libssh/libssh_build/CMakeFiles/CMakeTmp/CheckIncludeFile.c
Linking C executable cmTryCompileExec639847111
/usr/bin/cmake -E cmake_link_script CMakeFiles/cmTryCompileExec639847111.dir/link.txt --verbose=1
/usr/bin/cc   -std=gnu99 -pedantic -pedantic-errors -Wall -Wextra -Wshadow -Wmissing-prototypes -Wdeclaration-after-statement -Wunused -Wfloat-equal -Wpointer-arith -Wwrite-strings -Wformat-security -Wmissing-format-attribute -fPIC -fstack-protector -D_LARGEFILE_SOURCE -D_FILE_OFFSET_BITS=64     CMakeFiles/cmTryCompileExec639847111.dir/CheckIncludeFile.c.o  -o cmTryCompileExec639847111 -rdynamic 
make[1]: Leaving directory `/home/mkn/_libssh/libssh_build/CMakeFiles/CMakeTmp'


Determining if the include file openssl/ecdsa.h exists passed with the following output:
Change Dir: /home/mkn/_libssh/libssh_build/CMakeFiles/CMakeTmp

Run Build Command:/usr/bin/make "cmTryCompileExec864576055/fast"
/usr/bin/make -f CMakeFiles/cmTryCompileExec864576055.dir/build.make CMakeFiles/cmTryCompileExec864576055.dir/build
make[1]: Entering directory `/home/mkn/_libssh/libssh_build/CMakeFiles/CMakeTmp'
/usr/bin/cmake -E cmake_progress_report /home/mkn/_libssh/libssh_build/CMakeFiles/CMakeTmp/CMakeFiles 1
Building C object CMakeFiles/cmTryCompileExec864576055.dir/CheckIncludeFile.c.o
/usr/bin/cc   -std=gnu99 -pedantic -pedantic-errors -Wall -Wextra -Wshadow -Wmissing-prototypes -Wdeclaration-after-statement -Wunused -Wfloat-equal -Wpointer-arith -Wwrite-strings -Wformat-security -Wmissing-format-attribute -fPIC -fstack-protector -D_LARGEFILE_SOURCE -D_FILE_OFFSET_BITS=64  -I/usr/local/ssl/include    -o CMakeFiles/cmTryCompileExec864576055.dir/CheckIncludeFile.c.o   -c /home/mkn/_libssh/libssh_build/CMakeFiles/CMakeTmp/CheckIncludeFile.c
Linking C executable cmTryCompileExec864576055
/usr/bin/cmake -E cmake_link_script CMakeFiles/cmTryCompileExec864576055.dir/link.txt --verbose=1
/usr/bin/cc   -std=gnu99 -pedantic -pedantic-errors -Wall -Wextra -Wshadow -Wmissing-prototypes -Wdeclaration-after-statement -Wunused -Wfloat-equal -Wpointer-arith -Wwrite-strings -Wformat-security -Wmissing-format-attribute -fPIC -fstack-protector -D_LARGEFILE_SOURCE -D_FILE_OFFSET_BITS=64     CMakeFiles/cmTryCompileExec864576055.dir/CheckIncludeFile.c.o  -o cmTryCompileExec864576055 -rdynamic 
make[1]: Leaving directory `/home/mkn/_libssh/libssh_build/CMakeFiles/CMakeTmp'


Determining if the function EVP_aes_128_cbc exists passed with the following output:
Change Dir: /home/mkn/_libssh/libssh_build/CMakeFiles/CMakeTmp

Run Build Command:/usr/bin/make "cmTryCompileExec1002157985/fast"
/usr/bin/make -f CMakeFiles/cmTryCompileExec1002157985.dir/build.make CMakeFiles/cmTryCompileExec1002157985.dir/build
make[1]: Entering directory `/home/mkn/_libssh/libssh_build/CMakeFiles/CMakeTmp'
/usr/bin/cmake -E cmake_progress_report /home/mkn/_libssh/libssh_build/CMakeFiles/CMakeTmp/CMakeFiles 1
Building C object CMakeFiles/cmTryCompileExec1002157985.dir/CheckFunctionExists.c.o
/usr/bin/cc   -std=gnu99 -pedantic -pedantic-errors -Wall -Wextra -Wshadow -Wmissing-prototypes -Wdeclaration-after-statement -Wunused -Wfloat-equal -Wpointer-arith -Wwrite-strings -Wformat-security -Wmissing-format-attribute -fPIC -fstack-protector -D_LARGEFILE_SOURCE -D_FILE_OFFSET_BITS=64 -DCHECK_FUNCTION_EXISTS=EVP_aes_128_cbc -I/usr/local/ssl/include    -o CMakeFiles/cmTryCompileExec1002157985.dir/CheckFunctionExists.c.o   -c /usr/share/cmake-2.8/Modules/CheckFunctionExists.c
Linking C executable cmTryCompileExec1002157985
/usr/bin/cmake -E cmake_link_script CMakeFiles/cmTryCompileExec1002157985.dir/link.txt --verbose=1
/usr/bin/cc   -std=gnu99 -pedantic -pedantic-errors -Wall -Wextra -Wshadow -Wmissing-prototypes -Wdeclaration-after-statement -Wunused -Wfloat-equal -Wpointer-arith -Wwrite-strings -Wformat-security -Wmissing-format-attribute -fPIC -fstack-protector -D_LARGEFILE_SOURCE -D_FILE_OFFSET_BITS=64 -DCHECK_FUNCTION_EXISTS=EVP_aes_128_cbc    CMakeFiles/cmTryCompileExec1002157985.dir/CheckFunctionExists.c.o  -o cmTryCompileExec1002157985 -rdynamic /usr/local/ssl/lib/libcrypto.a 
make[1]: Leaving directory `/home/mkn/_libssh/libssh_build/CMakeFiles/CMakeTmp'


